[0m[1;36m[1;44mShapeshifter[1m: [1mwho are you
GOD
[0m[1;34m[1;40m(errr[1;34m[1;40m) Damian[1m: [1mGOD
but you prefer to call me Barney Faggot
[1;35mPlease, no cussing in here...
but you prefer Barney
[0m[1;34m[1;40m(errr[1;34m[1;40m) Damian[1m: [1mbut you prefer Barney
hehehahahaha
[0m[1;34m[1;40m(errr[1;34m[1;40m) Damian[1m: [1mhehehahahaha
speechless my mentally constipated child?
[0m[1;36m[1;44mShapeshifter[1m: [1myou suck barney
[0m[1;34m[1;40m(errr[1;34m[1;40m) Damian[1m: [1mspeechless my mentally constipated child?
big words for a small loser
[0m[1;34m[1;40m(errr[1;34m[1;40m) Damian[1m: [1mbig words for a small loser
ahhh
[0m[1;34m[1;40m(errr[1;34m[1;40m) Damian[1m: [1mahhh
I'm capturing this whole conversation an its gonna be all over every BBS by tomorrow...
[0m[1;34m[1;40m(errr[1;34m[1;40m) Damian[1m: [1mI'm capturing this whole conversation an its gonna be all over
every BBS by tomorrow...
you really are hated quiet a bit you know.
[0m[1;36m[1;44mShapeshifter[1m: [1myour tough I can't drive out today because It's snowing and I'm
stuck on the useless modem with losers who use it
[0m[1;34m[1;40m(errr[1;34m[1;40m) Damian[1m: [1myou really are hated quiet a bit you know.
whatever
[0m[1;34m[1;40m(errr[1;34m[1;40m) Damian[1m: [1mwhatever
your utter idiocy has spread far and wide.
[0m[1;36m[1;44mShapeshifter[1m: [1mBy who you
[0m[1;34m[1;40m(errr[1;34m[1;40m) Damian[1m: [1myour utter idiocy has spread far and wide.
now that's some funny stuff.
[0m[1;34m[1;40m(errr[1;34m[1;40m) Damian[1m: [1mnow that's some funny stuff.
let's see..
[0m[1;34m[1;40m(errr[1;34m[1;40m) Damian[1m: [1mlet's see..
/r shapeshifter
[0m
[1;32mOk, here's the info for Shapeshifter...
[0;1;32m
Real Name:  [33mDoug Guilbert               [32mSex: [33mm  [32mAge: [33m16
[32mAliases: [33mshapeshifter
[32mCity/State: [33msmithfielf
[32mVoice Phone#: [33munlisted
[32mPhysical Description: [33mDirty blode hair and blue eyes
[32mComp. Phone#: [33munlisted                  [32mBBS: [33mnone
[32mFavorite Movie: [33mDebbie does Dallas      [32mFavorite TV Show: [33mHome Improvement
[32mFavorite Music: [33mR&B                     [32mInstrument Played: [33mnone
[32mFavorite Foods: [33mPizza
[32mFavorite Sport: [33mLa Crosse
[32mOther Hobbies/Interests: [33mI can't think of any
[32mGeneral Info: [33mSEE Ya
              nope
[0;1;32mSummary: [33mWell I hope your looking at this becse
[1;32mYou're in the main channel.
[1;37mShapeshifter[32m is here with you.
[0;1;33mJust enter [32m"?" [33mif you need any assistance...
Lacrosse would be ONE word freak.
[0m[1;34m[1;40m(errr[1;34m[1;40m) Damian[1m: [1mLacrosse would be ONE word freak.
ahhh
[0m[1;34m[1;40m(errr[1;34m[1;40m) Damian[1m: [1mahhh
and Doug has met The Becster?
[0m[1;34m[1;40m(errr[1;34m[1;40m) Damian[1m: [1mand Doug has met The Becster?
eat me fag.
[0m[1;34m[1;40m(errr[1;34m[1;40m) Damian[1m: [1meat me fag.
you know not how EASILY a log file can be edited.
[0m[1;36m[1;44mShapeshifter[1m: [1mwho's the becster
[0m[1;34m[1;40m(errr[1;34m[1;40m) Damian[1m: [1myou know not how EASILY a log file can be edited.
"Well I hope your looking at this becse
[0m[1;34m[1;40m(errr[1;34m[1;40m) Damian[1m: [1m"Well I hope your looking at this becse
[0m[1;36m[1;44mShapeshifter[1m: [1mcalling me a fag...look at you and I have a girlfriend doesn't
say much for you though
Is that what you call your little monkey? Your girlfriend?
[0m[1;34m[1;40m(errr[1;34m[1;40m) Damian[1m: [1mIs that what you call your little monkey? Your girlfriend?
interesting
[0m[1;34m[1;40m(errr[1;34m[1;40m) Damian[1m: [1minteresting
Nice handle too
[0m[1;34m[1;40m(errr[1;34m[1;40m) Damian[1m: [1mNice handle too
Oh I get it...
[0m[1;34m[1;40m(errr[1;34m[1;40m) Damian[1m: [1mOh I get it...
its simboplic
[0m[1;34m[1;40m(errr[1;34m[1;40m) Damian[1m: [1mits simboplic
simbolic
[0m[1;34m[1;40m(errr[1;34m[1;40m) Damian[1m: [1msimbolic
you see...
[0m[1;34m[1;40m(errr[1;34m[1;40m) Damian[1m: [1myou see...
[0m[1;36m[1;44mShapeshifter[1m: [1moh yeah  you can edit itbut who's tougher in real life and I
would have any hesistations to have my friend's brother fight you
to have my friends BROTHER?
[0m[1;36m[1;44mShapeshifter[1m: [1mget that
[0m[1;34m[1;40m(errr[1;34m[1;40m) Damian[1m: [1mto have my friends BROTHER?
hahahahah
[0m[1;34m[1;40m(errr[1;34m[1;40m) Damian[1m: [1mhahahahah
can't do it yourself laddy?
[0m[1;34m[1;40m(errr[1;34m[1;40m) Damian[1m: [1mcan't do it yourself laddy?
in real life your a retarded fag....
[0m[1;34m[1;40m(errr[1;34m[1;40m) Damian[1m: [1min real life your a retarded fag....
but HERE no one knows you so your just retarded.
[0m[1;36m[1;44mShapeshifter[1m: [1myes because It's wouldn't be fair at all for me to fight
you..because your younger
[0m[1;34m[1;40m(errr[1;34m[1;40m) Damian[1m: [1mbut HERE no one knows you so your just retarded.
yes, but you are feeble.
[0m[1;34m[1;40m(errr[1;34m[1;40m) Damian[1m: [1myes, but you are feeble.
ahhhh
[0m[1;34m[1;40m(errr[1;34m[1;40m) Damian[1m: [1mahhhh
/r shapeshifter
[0m
[1;32mOk, here's the info for Shapeshifter...
[0;1;32m
Real Name:  [33mDoug Guilbert               [32mSex: [33mm  [32mAge: [33m16
[32mAliases: [33mshapeshifter
[32mCity/State: [33msmithfielf
[32mVoice Phone#: [33munlisted
[32mPhysical Description: [33mDirty blode hair and blue eyes
[32mComp. Phone#: [33munlisted                  [32mBBS: [33mnone
[32mFavorite Movie: [33mDebbie does Dallas      [32mFavorite TV Show: [33mHome Improvement
[32mFavorite Music: [33mR&B                     [32mInstrument Played: [33mnone
[32mFavorite Foods: [33mPizza
[32mFavorite Sport: [33mLa Crosse
[32mOther Hobbies/Interests: [33mI can't think of any
[32mGeneral Info: [33mSEE Ya
              nope
[0;1;32mSummary: [33mWell I hope your looking at this becse
[1;32mYou're in the main channel.
[1;37mShapeshifter[32m is here with you.
[0;1;33mJust enter [32m"?" [33mif you need any assistance...
[0m[1;36m[1;44mShapeshifter[1m: [1moh, your so smart barney... that's why i'm in all point 1's and
gasus
wohhhhh
[0m[1;36m[1;44mShapeshifter[1m: [1min Pegasus
[0m[1;34m[1;40m(errr[1;34m[1;40m) Damian[1m: [1mwohhhhh
now I AM behumbled.
[0m[1;34m[1;40m(errr[1;34m[1;40m) Damian[1m: [1mnow I AM behumbled.
or is that too big a word for ya dougie?
[0m[1;34m[1;40m(errr[1;34m[1;40m) Damian[1m: [1mor is that too big a word for ya dougie?
SEE ya???
[0m[1;34m[1;40m(errr[1;34m[1;40m) Damian[1m: [1mSEE ya???
for General Info?
[0m[1;36m[1;44mShapeshifter[1m: [1myou have no friend except on the modem and that shows how much of
a loser you really are
[0m[1;34m[1;40m(errr[1;34m[1;40m) Damian[1m: [1mfor General Info?
hahahahahah
[0m[1;34m[1;40m(errr[1;34m[1;40m) Damian[1m: [1mhahahahahah
yeah...right
[0m[1;34m[1;40m(errr[1;34m[1;40m) Damian[1m: [1myeah...right
you have no friends PERIOD!
[0m[1;34m[1;40m(errr[1;34m[1;40m) Damian[1m: [1myou have no friends PERIOD!
freak...
[0m[1;34m[1;40m(errr[1;34m[1;40m) Damian[1m: [1mfreak...
[0m[1;36m[1;44mShapeshifter[1m: [1mwho are your friends
you wouldn't know them but I could name them and bore the sh!t out of you.
[0m[1;34m[1;40m(errr[1;34m[1;40m) Damian[1m: [1myou wouldn't know them but I could name them and bore the sh!t
out of you.

[1;32mYou're in the main channel.
[1;37mShapeshifter[32m is here with you.
[0;1;33mJust enter [32m"?" [33mif you need any assistance...
[0m[1;36m[1;44mShapeshifter[1m: [1mget a life ...yeAH i have no friends how about i have one beat
you up since i don't have any
Heh...WHY DON'T YOU DO IT DOUG?
[0m[1;34m[1;40m(errr[1;34m[1;40m) Damian[1m: [1mHeh...WHY DON'T YOU DO IT DOUG?
well you bore me with your mindless droolings and your brain- farts that you attempt to pass of as conversation... I'll see you on the bus if my luck doesn't change. Later Fagg0t
[0m[1;36m[1;44mShapeshifter[1m: [1mokay, i will
[0m[1;34m[1;40m(errr[1;34m[1;40m) Damian[1m: [1mwell you bore me with your mindless droolings and your brain-
farts that you attempt to pass of as conversation... I'll see you on the bus if
my luck doesn't change. Later Fagg0t
+++
