[1 min.] (Enter '?' for help)  Command: map

A  0: COMMAND     

B  0: \MSDOS      B  1: \MUSTS      B  2: \FILE       B  3: \BATCH      
B  4: \SPREAD     B  5: \WORD       B  6: \NOVICE     

C  0: \PROG       C  1: \ACCT       C  2: \GAMES      C  3: \MODEM      
C  4: \PRINTR     C  5: \TSR        

D  0: \UTIL       D  1: \UTIL2      D  2: \DATA       D  3: \PICS       
D  4: \BBS        D  5: \MISC       

F  0: ANTELOPE    F  1: CFOG        F  2: INFO        F  3: TEXT        
F  4: COMMON      F  5: FORSALE     
F2:INFO>f3:

F3:TEXT>dir
         Drive F3 [TEXT]       Files: 9/232k   Free: 1856k 
-TEXT   .      0k : JAPAN-NO.LBR  84k : WHO     .TXT   8k : 
COMPDICT.ARC  12k : SLURVIAN.TZT   4k : WORDS910.LBR  12k : 
COWS-001.ARK   4k : TONKIN  .LBR 104k : WRIGHT  .ON!   4k : 

F3:TEXT>c3:

C3:\MODEM>dir


         Drive C3 [\MODEM]     Files: 71/5920k   Free: 424k 
-MODEM  .PC    0k : FIXPCPLS.ARC   4k : PRCM-DSZ.ARC   4k : RCOMMV21.ARC  48k
ANSWER  .ARC  16k : HOTK-Z60.ZIP  48k : PRCM243 .ARC 140k : ROBIN10 .ARC  20k
BACKMAIL.ARC 144k : JMOD0930.ARC  20k : PRCMCMD .ARC  96k : SETMODEM.ARC   8k
BIMOD129.ARC 176k : MLINK16 .ARC  36k : PRCMFIX .ARC   4k : SONPRO-2.ARC  48k
BOYAN40A.ARC 180k : MSKERMIT.ARC  36k : PRCMSORT.ARC   8k : TANDEM2 .ARC 100k
BOYAN40B.ARC 136k : MTE     .ARC  24k : PRCTEMP .ARC   4k : TLX310-1.ARC 220k
BOYAN40C.ARC 172k : NUMBERCH.ARC  20k : PROCOMMP.ARC  16k : TLX310-2.ARC  88k
CARB-COP.ARC 140k : PATCH242.ARC   4k : PROZ120 .ARC   8k : TLX310-3.ARC  84k
COMM3   .ARC  16k : PC-TALKC.ARC 188k : QMDM40-1.ARC 164k : TSHARE  .ARC  16k
CVTFON14.ARC  44k : PCPLUS11.ARC 228k : QMDM40-2.ARC 132k : ULTRAD3 .ARC  48k
D-SCOPE .ARC  24k : PCPLUSRT.ARC  40k : QMDM40-3.ARC  84k : V42INFO .ZIP   4k
DSZ0216 .ARC  84k : PCPLUSTD.ARC 212k : QMDM40-4.ARC 256k : XCELPCP .ARC 104k
DSZ0216X.ZIP  40k : PCXTRNL2.ARC  60k : QMDM40-5.ARC 128k : XFI     .ARC  28k
DSZOP3  .ARC  12k : PIBTERM1.ARC 260k : QMFIXDOC.ARC  12k : ZDOC0104.ARC  24k
EIS     .ARC 232k : PIBTERM2.ARC 132k : QMSST31D.ARC 120k : ZIPPHONE.ARC 248k
ESLNET  .ARC 148k : PIBTERM3.ARC 128k : QMSST31I.ARC  96k : ZMODEM  .ARC  56k
FILEMARK.ARC  12k : POE     .ARC  84k : QMSSTCOM.ARC 156k : ZMOPCPLU.ARC   4k
FIXHOST .ARC   4k : PRCDOC  .ARC 120k : QMSSTEXT.ARC 120k : 

C3:\MODEM>f0:

F0:ANTELOPE>dir


         Drive F0 [ANTELOPE]   Files: 16/120k   Free: 1856k 
-ANTELOP.      0k : BULLETIN.MS    4k : FOR     .     12k : WELCOME .      4k
ANTELOPE.HLP   8k : BULLETIN.ONE  24k : FOR     .BAK  12k : Z-MSG   .HLP   4k
ANTELOPE.TOC   4k : BULLETIN.TWO  12k : NEWUSER .      4k : ZFILER  .HLP   4k
BULLETIN.      4k : EXPERT  .HLP   8k : SYSTEM  .HLP   4k : ZMSGLONG.HLP  12k

F0:ANTELOPE>c5:

C5:\TSR>dir


         Drive C5 [\TSR]       Files: 22/880k   Free: 424k 
-TSR    .PC    0k : HISTORY .ARC   8k : POWERKIT.ARC  20k : TSR     .ARC  84k
CARDFILE.ARC   8k : MARKREL .ZIP  16k : QFMT    .ARC   8k : TSRCOM  .ARC  48k
CED10D  .ARC  36k : NJFRER  .ARC  12k : RMAP    .ARC   4k : VGADM103.ZIP   8k
CLRTSR  .ARC  36k : PCBR10A .ARC 168k : SIDEKICK.ARC  56k : VMIX    .EXE 144k
FTAG20  .ZIP  28k : PCBR10B .ARC  92k : SUPER3  .ARC  28k : 
GEMCAP2 .ARC   8k : POPCORN .ARC  52k : TRIPLDOS.ARC  16k : 

C5:\TSR>b1:

B1:\MUSTS>dir


         Drive B1 [\MUSTS]     Files: 63/1964k   Free: 1428k 
-MUSTS  .PC    0k : DPROTECT.ARC  12k : INTERLEV.ARC   4k : SCANBAD .ARC   4k
3CT     .ARC  12k : DSKLABEL.ARC  40k : LDA101  .ARC  28k : SCRNDISK.ARC   4k
400KDISK.ARC   8k : DSKRPK  .ARC  28k : LOCK    .ARC  20k : SD      .ARC  40k
APNDIR  .ARC   4k : DUPDSK20.ARC  32k : MDARC   .ARC  84k : SD6     .ARC   8k
AUTOPARK.ARC   8k : EXTRADRV.ARC   4k : MOREDISK.ARC   8k : SHERRIF .ARC  60k
BACKDOOR.ARC  84k : FFORMAT .ARC  24k : NEW-MOVE.ARC   4k : SHOWBACK.ARC   4k
BACPAC  .ARC  20k : FILEC   .ARC  16k : NO-VIRUS.ARC  28k : SINCE   .ARC  12k
BMOVE   .ARC  16k : FILEFRND.ARC  92k : NSWP1020.ARC  44k : SST     .ARC  40k
CATS22  .ARC  24k : FILFLOP .ARC  16k : NT      .ARC   8k : VERDISK .ARC   4k
CDISK354.ARC 132k : FIX-FAT .ARC  32k : PARTNER .ARC  36k : VIEWDISK.ARC  16k
COVER   .ARC   4k : FMTMASTR.ARC  60k : PASSWORD.ARC   4k : WRITETAB.ARC   4k
CWEEP13 .ARC  20k : FRAGS   .ARC  20k : PC-DSK12.ARC  32k : WSSI336A.ARC 128k
DDIR    .ARC   4k : GO      .ARC   8k : PC-LOCK .ARC  24k : WSSI336B.ARC 124k
DFIX    .ARC  16k : GTREE48 .ARC  20k : PKANYDSK.ARC   8k : XEQ115  .ARC  12k
DIRSC310.ARC 156k : HDPREP  .ARC  32k : QFILE31B.ARC 108k : ZZ631   .ZIP  64k
DM0917  .ARC  48k : HDPROTEK.ARC   4k : QUICKDRV.ARC   4k : 

B1:\MUSTS>d2:

D2:\DATA>dir


         Drive D2 [\DATA]      Files: 35/3776k   Free: 648k 
-DATA   .PC    0k : DATAMGR .ARC  36k : GROCERY .ARC  76k : PCFDB2  .ARC 336k
3X5     .ARC 112k : DBMOUSE .ARC  24k : HOME-LIB.ARC  44k : PCFDB3  .ARC 144k
708FIX01.ARC 116k : DOZ     .ARC  12k : INSTANT .ARC  88k : PCFPLUS1.ARC 216k
ATLAS   .ARC 176k : FILECAB3.ARC  16k : KNOWPRO1.ARC 116k : PCFPLUS2.ARC 128k
BBOOK20 .ARC  32k : FORT500 .ARC  36k : KNOWPRO2.ARC 112k : PLABEL  .ARC  16k
CBSCD882.ARC 120k : FSTBK41A.ARC 232k : LNL     .ARC  64k : RECIPE  .ARC  68k
CDISK380.ARC 136k : FSTBK41B.ARC 120k : MAXFIND .ARC  24k : ROLODEX .ARC  56k
COUPONS .ARC  60k : GETIT   .ARC 172k : MOVIE   .ARC 136k : WAMPUM33.ARC 344k
CREATOR .ARC  52k : GOLFRECS.ARC  32k : PCFDB1  .ARC 324k : 

