         Drive D0 [\UTIL]      Files: 94/3136k   Free: 532k 
-UTIL   .PC    0k : FOR     .     32k : QUICKCRT.ARC   4k : VOL6N11 .ARC  16k
386BUG  .ARC  12k : KEY     .ARC   8k : QUICKPRN.ARC   8k : VOL6N12 .ARC  36k
ALTBRK  .ARC   8k : KLEEUTIL.ARC  24k : QUICKSPL.ARC   4k : VOL6N13 .ARC  20k
ALTPAGE .ARC  12k : MEM-UTLS.ARC  20k : SCREN2  .ARC  32k : VOL6N14 .ARC  48k
AT-DIAG .ARC  16k : MKEY    .ARC  72k : SD31    .ARC  32k : VOL6N15 .ARC  36k
BBRAMTST.ARC  44k : MONITOR2.ARC   4k : SHELL   .ARC  88k : VOL6N17 .ARC  48k
BIOSCLOK.ARC  12k : MSTRKY17.ARC 124k : SORTALL .ARC   4k : VOL6N18 .ARC  20k
BOOTDM  .ARC   8k : MULTASK .ARC  20k : SPOOLERS.ARC  12k : VOL6N19 .ARC  24k
BOSS    .ARC   4k : OPTIMS  .ARC  24k : SPS     .ARC   4k : VOL6N20 .ARC 144k
CBOOT   .ARC   4k : P270    .ARC  52k : SRSHELL .ARC 100k : VOL6N21 .ARC  48k
CHIPTEST.ARC   4k : PARCHECK.ARC   8k : ST      .ARC  16k : VOL6N22 .ARC  20k
CLOCKFIX.ARC   4k : PC-CLICK.ARC   4k : STYPE12 .ARC   4k : VOL7N01 .ARC  32k
CRACKER .ARC  28k : PCBENCH .ARC 216k : SYSACT  .ARC   4k : VOL7N02 .ARC  48k
CTRALT  .ARC  68k : PCMAGCOM.ARC  32k : T-SCHED .ARC 112k : VOL7N03 .ARC  24k
DEMON   .ARC   8k : PCMAGDOC.ARC  32k : TEXT11  .ARC   4k : VOL7N05 .ARC  32k
DIAGS   .ARC  52k : PCMAGREF.ARC 112k : TEXTBUF .ARC  44k : VOL7N06 .ARC  36k
DMATEST .ARC  16k : PCS4    .ARC  20k : TMAP110 .ARC   8k : VOL7N6  .ARC  36k
DPATH30 .ARC   8k : PCSTAT  .ARC   4k : TXT2COM .ARC  16k : WHATIS3 .ARC  20k
EGAPAL  .ARC   4k : PCTRACE .ARC  16k : UNCRASH .ARC   4k : WINPRINT.ARC  16k
ENVFREE .ARC   4k : PEEKMCB .ARC  20k : UNIXLIKE.ARC  68k : XANADU  .ARC  20k
ENVSIZE .ARC  20k : PMAP126 .ARC  20k : V7N13   .ARC  36k : XRAY    .ARC  12k
[more] 
        
FCONSOLE.ARC 396k : PRTSC   .ARC   4k : VOL6N08 .ARC  24k : ZDEL40  .ARC   8k
FINDUP38.ARC  36k : PSTAT2  .ARC   4k : VOL6N09 .ARC  20k : 
FKEYMAP .ARC  24k : PWORD   .ARC  28k : VOL6N10 .ARC  52k : 

D0:\UTIL>map

A  0: COMMAND     

B  0: \MSDOS      B  1: \MUSTS      B  2: \FILE       B  3: \BATCH      
B  4: \SPREAD     B  5: \WORD       B  6: \NOVICE     

C  0: \PROG       C  1: \ACCT       C  2: \GAMES      C  3: \MODEM      
C  4: \PRINTR     C  5: \TSR        

D  0: \UTIL       D  1: \UTIL2      D  2: \DATA       D  3: \PICS       
D  4: \BBS        D  5: \MISC       

F  0: ANTELOPE    F  1: CFOG        F  2: INFO        F  3: TEXT        


Minutes left: 3   
F  4: COMMON      F  5: FORSALE     
D0:\UTIL>d1:

D1:\UTIL2>dir


         Drive D1 [\UTIL2]     Files: 45/1744k   Free: 532k 
-UTIL2  .PC    0k : DR      .ZIP   4k : MOVE    .ARC   4k : SHARC869.ARC  60k
AJUTIL2 .ARC  48k : DTA12   .ARC   8k : NONOISE .ARC   4k : STACKEY2.ARC 108k
AV13    .ARC  20k : FF-63B  .LZH  16k : NOYB    .ARC   4k : UNCR233 .ARC  28k
BROWSE  .ARC   4k : FLYSTEXP.ARC 136k : PCR-OCT8.ARC  72k : VCD10   .ARC  20k
CFRMAT21.ARC  24k : FORDSK  .ARC   8k : PK361   .EXE 120k : WHEREIS .ARC   4k
CH4BOMB2.ARC  12k : FREE    .ARC   8k : PKZ110  .EXE 148k : WIPE    .ARC   4k
CLR     .ARC   4k : FT      .ARC   8k : PKZF11  .EXE  24k : ZD12    .ARC  28k
CLUTIL13.ZIP  20k : HRCSV11A.ARC   8k : PSDIR110.ARC  60k : ZDIR    .ARC   4k
DDT14   .ARC  72k : HVIEW   .ARC  12k : QDR33D  .ARC   8k : ZDIR101 .ARC  24k
DIRMAGIC.ARC  32k : IFL130  .LZH  20k : QF450   .EXE  44k : 
DIRUTIL3.ARC 116k : LIST73D .ZIP  68k : SCRUB   .ZIP   4k : 
DMD200  .ARC  16k : MM170   .ARC 216k : SD60    .ARC  92k : 

D1:\UTIL2>c0:

C0:\PROG>dir


         Drive C0 [\PROG]      Files: 59/3528k   Free: 268k 
-PROG   .PC    0k : CXREF200.ARC  20k : JULIAN  .ARC  16k : REALPROG.ARC  20k
22NCE124.ARC  76k : D86V309A.ARC  64k : KEYCHK  .ARC   4k : SC88    .ARC  92k
ANSITUTR.ARC   8k : D86V309B.ARC  56k : KNOVICE .ARC  76k : SECRET  .ARC   4k
ASMHELP .ARC  24k : DDJ1    .ZIP  76k : MS-DIFFS.MSG   4k : SLTOOLS .ARC 200k
ASMTUTOR.ARC  36k : DDKIT   .ARC  12k : MVPFORTH.ARC  44k : SM204   .ARC 120k
BOOT12  .EXE  64k : DEBUG   .ARC  16k : NIBBLER .ARC  48k : SMALLC  .ARC  84k
C-ANALYZ.ARC  32k : DEBUGFS .ARC  36k : PCCURSES.ARC  88k : SOUNDEX .ARC   4k
C-UTIL02.ARC  80k : ELECTRIC.ARC 140k : PDPROLOG.ARC 164k : SPKR    .ARC   8k
CDOC    .ARC  80k : FATUTOR .ZIP   4k : PRIMER  .ARC  20k : SQL     .TXT   8k
CHASM40 .ARC  68k : FDRAW1  .ARC  60k : PRO-C   .ARC 304k : SSQL    .ARC  88k
CHRONO  .ARC   4k : FDRAW2  .ARC  64k : PROWINQB.ARC  48k : TAWK    .ZIP  12k
CNEWS008.ARC  76k : FLASH   .ARC  20k : PSZ80A14.ARC  64k : TRACE   .ARC  44k
CODEVIEW.ARC 236k : FOR     .     20k : QBX400G .ARC  56k : TRACE1A .ARC  52k
CP      .ARC  44k : FSD14   .ARC  32k : QM-BETA2.LZH  12k : WASM    .ARC  72k
CTUT    .ARC 132k : FUTURE86.ARC  72k : QWIKMATH.ARC 120k : 

