
       There are 17,138 active messages on Executive Region Premium BBS
                          as of 2:11 am today. 


ÉÍÍÍÍÍÍÍÍÍÍÍÍÍÍÍÍÍÍÍÍÍÍÍÍÍÍÍÍÍÍÍÍÍÍÍÍÍÍÍÍÍÍÍÍÍÍÍÍÍÍÍÍÍÍÍÍÍÍÍÍÍÍÍÍÍÍÍÍÍÍÍÍÍÍÍÍÍ»
º                                                                             º
º       PC Relay Mail Run was Saturday August 8, 1992 at 2:10:47 am           º
º                                                                             º
ÈÍÍÍÍÍÍÍÍÍÍÍÍÍÍÍÍÍÍÍÍÍÍÍÍÍÍÍÍÍÍÍÍÍÍÍÍÍÍÍÍÍÍÍÍÍÍÍÍÍÍÍÍÍÍÍÍÍÍÍÍÍÍÍÍÍÍÍÍÍÍÍÍÍÍÍÍÍ¼









Press (Enter) to Continue:                             
Press (Enter) to Continue: 
ÚÄÄÄÄÄÄÄÄÄÄÄÄÄÄÄÄÄÄÄÄÄÄÄÄÄÄÄÄÄÄÄÄÄÄÄÄÄÄÄÄÄÄÄÄÄÄÄÄÄÄÄÄÄÄÄÄÄÄÄÄÄÄÄÄÄÄÄÄÄÄÄÄÄÄÄ·
³          ExecutiveRegionConferences ExecutiveRegionConferencces           ºÄ¿
ÆÍÍÍÍÑÍÍÍÍÍÍÍÍÍÍÍÑÍÍÍÍÍÍÍÍÍÍÍÍÍÍÍÍÍÍÍÍÍÍÍÍÍÍÍÍÍÍÍÍÍÍÍÍÍÍÍÍÍÍÍÍÑÍÍÍÍÍÑÍÍÍÍÍÍÍ¹ ³
³ No.³  Name     ³        Description of Conference           ³Files³ EMail º ³
ÆÍÍÍÍØÍÍÍÍÍÍÍÍÍÍÍØÍÍÍÍÍÍÍÍÍÍÍÍÍÍÍÍÍÍÍÍÍÍÍÍÍÍÍÍÍÍÍÍÍÍÍÍÍÍÍÍÍÍÍÍØÍÍÍÍÍØÍÍÍÍÍÍÍ¹ ³
³  0 ³ Main Board³ Executive Region Main Menu Conference Area ³  û  ³ Local º ³
³  1 ³ PRIVATE   ³ Test and Development Area (Private Use)    ³  û  ³ Local º ³
³  2 ³ SYSOP     ³ Visiting-SysOp's Conference                ³  û  ³ MLink º ³
³  3 ³ SUBSCRIB  ³ Executive Region Subscriber's Area         ³  û  ³ Local º ³
³  4 ³ PC-XPRTS  ³ PC-Experts, LTD. Support Conference        ³  û  ³ MLink º ³
³  5 ³ BBSADS    ³ Bulletin Board Ads                         ³     ³ MLink º ³
³  6 ³ GAMES     ³ Personal Computer Game Clues and Hints     ³     ³ MLink º ³
³  7 ³ FORSALE   ³ For Sale or Trade Conference               ³     ³ MLink º ³
³  8 ³ METRONET  ³ Metrolink Support Conference-SysOp's Only  ³     ³ MLink º ³
³  9 ³ NETCHAT   ³ Network CHAT Area (general discussions)    ³     ³ MLink º ³
³ 10 ³ HARDWARE  ³ General Hardware Discussions and Topics    ³     ³ MLink º ³
³ 11 ³ TOOLSHOP  ³ Toolshop BBS / Prodoor Support             ³     ³ MLink º ³
³ 12 ³ HOMEDBA   ³ HomeDBA Metrolink Conference-SysOp's Only  ³     ³ MLink º ³
ÔÍÍÍÍÏÍÍÍÍÍÍÍÍÍÍÍÏÍÍÍÍÍÍÍÍÍÍÍÍÍÍÍÍÍÍÍÍÍÍÍÍÍÍÍÍÍÍÍÍÍÍÍÍÍÍÍÍÍÍÍÍÏÍÍÍÍÍÏÍÍÍÍÍÍÍ¼ ³
 ÀÄÄÄÄÄÄÄÄÄÄÄÄÄÄÄÄÄÄÄÄÄÄÄÄÄÄÄÄÄÄÄÄÄÄÄÄÄÄÄÄÄÄÄÄÄÄÄÄÄÄÄÄÄÄÄÄÄ¿  PAGE 1 of 11  ÚÄÙ
                                                           ÀÄÄÄÄÄÄÄÄÄÄÄÄÄÄÄÄÙ

(9 left) More: (Enter) or (Y)es, (N)o, (FL)ag files, (NS)non-stop?
ÚÄÄÄÄÄÄÄÄÄÄÄÄÄÄÄÄÄÄÄÄÄÄÄÄÄÄÄÄÄÄÄÄÄÄÄÄÄÄÄÄÄÄÄÄÄÄÄÄÄÄÄÄÄÄÄÄÄÄÄÄÄÄÄÄÄÄÄÄÄÄÄÄÄÄÄ·
³          ExecutiveRegionConferences ExecutiveRegionConferencces           ºÄ¿
ÆÍÍÍÍÑÍÍÍÍÍÍÍÍÍÍÍÑÍÍÍÍÍÍÍÍÍÍÍÍÍÍÍÍÍÍÍÍÍÍÍÍÍÍÍÍÍÍÍÍÍÍÍÍÍÍÍÍÍÍÍÍÑÍÍÍÍÍÑÍÍÍÍÍÍÍ¹ ³
³ No.³  Name     ³        Description of Conference           ³Files³ EMail º ³
ÆÍÍÍÍØÍÍÍÍÍÍÍÍÍÍÍØÍÍÍÍÍÍÍÍÍÍÍÍÍÍÍÍÍÍÍÍÍÍÍÍÍÍÍÍÍÍÍÍÍÍÍÍÍÍÍÍÍÍÍÍØÍÍÍÍÍØÍÍÍÍÍÍÍ¹ ³
³ 13 ³ C-ASM     ³ Assembly and 'C' Programming               ³     ³ MLink º ³
³ 14 ³ PASCAL    ³ Turbo Pascal E-Mail Conference             ³     ³ MLink º ³
³ 15 ³ MEDICAL   ³ Medical Discussions and Topics             ³     ³ MLink º ³
³ 16 ³ ADULT     ³ The ADULT Conference (must be over 18 yrs) ³  û  ³ MLink º ³
³ 17 ³ CURRENT   ³ Current Events, Gossip, etc.               ³     ³ MLink º ³
³ 18 ³ PCBHINTS  ³ PCBoard Operational Hints                  ³     ³ MLink º ³
³ 19 ³ DOORS     ³ PCBoard Doors Support and Hints Conference ³     ³ MLink º ³
³ 20 ³ AMIGA     ³ Amiga Computer related Topics Area         ³     ³ MLink º ³
³ 21 ³ GOSSIP    ³ The Gossip Column Area Conference          ³     ³ MLink º ³
³ 22 ³ MSWINDOW  ³ Microsoft Windows Support Conference       ³     ³ MLink º ³
³ 23 ³ PHOTO     ³ General Photography Discussions and Help   ³     ³ MLink º ³
³ 24 ³ QMODEM    ³ QModem Communications Support Area         ³     ³ MLink º ³
³ 25 ³ COMEDY    ³ The Comedy Store - Jokes, Comments, etc.   ³     ³ MLink º ³
ÔÍÍÍÍÏÍÍÍÍÍÍÍÍÍÍÍÏÍÍÍÍÍÍÍÍÍÍÍÍÍÍÍÍÍÍÍÍÍÍÍÍÍÍÍÍÍÍÍÍÍÍÍÍÍÍÍÍÍÍÍÍÏÍÍÍÍÍÏÍÍÍÍÍÍÍ¼ ³
 ÀÄÄÄÄÄÄÄÄÄÄÄÄÄÄÄÄÄÄÄÄÄÄÄÄÄÄÄÄÄÄÄÄÄÄÄÄÄÄÄÄÄÄÄÄÄÄÄÄÄÄÄÄÄÄÄÄÄ¿  PAGE 2 of 11  ÚÄÙ
                                                           ÀÄÄÄÄÄÄÄÄÄÄÄÄÄÄÄÄÙ

(8 left) More: (Enter) or (Y)es, (N)o, (FL)ag files, (NS)non-stop? ns
ÚÄÄÄÄÄÄÄÄÄÄÄÄÄÄÄÄÄÄÄÄÄÄÄÄÄÄÄÄÄÄÄÄÄÄÄÄÄÄÄÄÄÄÄÄÄÄÄÄÄÄÄÄÄÄÄÄÄÄÄÄÄÄÄÄÄÄÄÄÄÄÄÄÄÄÄ·
³          ExecutiveRegionConferences ExecutiveRegionConferencces           ºÄ¿
ÆÍÍÍÍÑÍÍÍÍÍÍÍÍÍÍÍÑÍÍÍÍÍÍÍÍÍÍÍÍÍÍÍÍÍÍÍÍÍÍÍÍÍÍÍÍÍÍÍÍÍÍÍÍÍÍÍÍÍÍÍÍÑÍÍÍÍÍÑÍÍÍÍÍÍÍ¹ ³
³ No.³  Name     ³        Description of Conference           ³Files³ EMail º ³
ÆÍÍÍÍØÍÍÍÍÍÍÍÍÍÍÍØÍÍÍÍÍÍÍÍÍÍÍÍÍÍÍÍÍÍÍÍÍÍÍÍÍÍÍÍÍÍÍÍÍÍÍÍÍÍÍÍÍÍÍÍØÍÍÍÍÍØÍÍÍÍÍÍÍ¹ ³
³ 26 ³ DESQVIEW  ³ Quarterdeck's Deskview and QEMM Support    ³     ³ MLink º ³
³ 27 ³ DESKTOP   ³ General Desktop Publishing E-Mail          ³     ³ MLink º ³
³ 28 ³ MEGAMAIL  ³ MegaMail DOOR and E-Mail Reader Support    ³     ³ MLink º ³
³ 29 ³ NINTENDO  ³ Nintendo Game Systems support Conference   ³     ³ MLink º ³
³ 30 ³ STARTREK  ³ Star Trek Fan Club - Where no one has gone ³     ³ MLink º ³
³ 31 ³ WRITERS   ³ Writer's Guild - Discussions on Literature ³     ³ MLink º ³
³ 32 ³ HARDDISK  ³ The Hard/Floppy Disk Drive Arena           ³     ³ MLink º ³
³ 33 ³ LEGAL     ³ The Legal Center - Get the advice you need ³     ³ MLink º ³
³ 34 ³ ANSI      ³ ANSI E-Mail and discussions                ³     ³ MLink º ³
³ 35 ³ PETS      ³ The Pet Shop - Help your Pet live right    ³     ³ MLink º ³
³ 36 ³ SCIFI     ³ Science Fiction Classics E-Mail Forum      ³     ³ MLink º ³
³ 37 ³ SHARWARE  ³ Shareware Software Support and Review Area ³     ³ MLink º ³
³ 38 ³ LAN       ³ Local Area Networks - Support and Info     ³     ³ MLink º ³
ÔÍÍÍÍÏÍÍÍÍÍÍÍÍÍÍÍÏÍÍÍÍÍÍÍÍÍÍÍÍÍÍÍÍÍÍÍÍÍÍÍÍÍÍÍÍÍÍÍÍÍÍÍÍÍÍÍÍÍÍÍÍÏÍÍÍÍÍÏÍÍÍÍÍÍÍ¼ ³
 ÀÄÄÄÄÄÄÄÄÄÄÄÄÄÄÄÄÄÄÄÄÄÄÄÄÄÄÄÄÄÄÄÄÄÄÄÄÄÄÄÄÄÄÄÄÄÄÄÄÄÄÄÄÄÄÄÄÄ¿  PAGE 3 of 11  ÚÄÙ
                                                           ÀÄÄÄÄÄÄÄÄÄÄÄÄÄÄÄÄÙ

(8 left) More: (Enter) or (Y)es, (N)o, (FL)ag files, (NS)non-stop? NS
ÚÄÄÄÄÄÄÄÄÄÄÄÄÄÄÄÄÄÄÄÄÄÄÄÄÄÄÄÄÄÄÄÄÄÄÄÄÄÄÄÄÄÄÄÄÄÄÄÄÄÄÄÄÄÄÄÄÄÄÄÄÄÄÄÄÄÄÄÄÄÄÄÄÄÄÄ·
³          ExecutiveRegionConferences ExecutiveRegionConferencces           ºÄ¿
ÆÍÍÍÍÑÍÍÍÍÍÍÍÍÍÍÍÑÍÍÍÍÍÍÍÍÍÍÍÍÍÍÍÍÍÍÍÍÍÍÍÍÍÍÍÍÍÍÍÍÍÍÍÍÍÍÍÍÍÍÍÍÑÍÍÍÍÍÑÍÍÍÍÍÍÍ¹ ³
³ No.³  Name     ³        Description of Conference           ³Files³ EMail º ³
ÆÍÍÍÍØÍÍÍÍÍÍÍÍÍÍÍØÍÍÍÍÍÍÍÍÍÍÍÍÍÍÍÍÍÍÍÍÍÍÍÍÍÍÍÍÍÍÍÍÍÍÍÍÍÍÍÍÍÍÍÍØÍÍÍÍÍØÍÍÍÍÍÍÍ¹ ³
³ 39 ³ 4DOS      ³ 4DOS - Command.Com Support Line            ³     ³ MLink º ³
³ 40 ³ GAY       ³ The Gay E-Mail & File Support Conference   ³  û  ³ MLink º ³
³ 41 ³ TELIX     ³ Telix Communications Package Support Forum ³     ³ MLink º ³
³ 42 ³ FINANCE   ³ Finances in Review - Financial Advice, etc ³     ³ MLink º ³
³ 43 ³ WORDPERF  ³ Word Perfect Support Group                 ³     ³ MLink º ³
³ 44 ³ AMATEUR   ³ Amateur Radio Hobby Club Area              ³     ³ MLink º ³
³ 45 ³ AVIATION  ³ Aviation and Flight Information Conference ³     ³ MLink º ³
³ 46 ³ BYTEBROS  ³ Byte-Brothers Discussion Forum             ³     ³ MLink º ³
³ 47 ³ DISABLED  ³ Disabled Persons Support Line and Forum    ³     ³ MLink º ³
³ 48 ³ EZREADER  ³ EZReader Off-Line Mail Reader Support Area ³     ³ MLink º ³
³ 49 ³ MARKMAIL  ³ MarkMail Door and Off-Line Reader Support  ³     ³ MLink º ³
³ 50 ³ PKWARE    ³ Phil Katz's PKWare Products Suppport Area  ³     ³ MLink º ³
³ 51 ³ RACING    ³ Car and Driver Auto Racing Forum           ³     ³ MLink º ³
ÔÍÍÍÍÏÍÍÍÍÍÍÍÍÍÍÍÏÍÍÍÍÍÍÍÍÍÍÍÍÍÍÍÍÍÍÍÍÍÍÍÍÍÍÍÍÍÍÍÍÍÍÍÍÍÍÍÍÍÍÍÍÏÍÍÍÍÍÏÍÍÍÍÍÍÍ¼ ³
 ÀÄÄÄÄÄÄÄÄÄÄÄÄÄÄÄÄÄÄÄÄÄÄÄÄÄÄÄÄÄÄÄÄÄÄÄÄÄÄÄÄÄÄÄÄÄÄÄÄÄÄÄÄÄÄÄÄÄ¿  PAGE 4 of 11  ÚÄÙ
                                                           ÀÄÄÄÄÄÄÄÄÄÄÄÄÄÄÄÄÙ

(8 left) More: (Enter) or (Y)es, (N)o, (FL)ag files, (NS)non-stop?
ÚÄÄÄÄÄÄÄÄÄÄÄÄÄÄÄÄÄÄÄÄÄÄÄÄÄÄÄÄÄÄÄÄÄÄÄÄÄÄÄÄÄÄÄÄÄÄÄÄÄÄÄÄÄÄÄÄÄÄÄÄÄÄÄÄÄÄÄÄÄÄÄÄÄÄÄ·
³          ExecutiveRegionConferences ExecutiveRegionConferencces           ºÄ¿
ÆÍÍÍÍÑÍÍÍÍÍÍÍÍÍÍÍÑÍÍÍÍÍÍÍÍÍÍÍÍÍÍÍÍÍÍÍÍÍÍÍÍÍÍÍÍÍÍÍÍÍÍÍÍÍÍÍÍÍÍÍÍÑÍÍÍÍÍÑÍÍÍÍÍÍÍ¹ ³
³ No.³  Name     ³        Description of Conference           ³Files³ EMail º ³
ÆÍÍÍÍØÍÍÍÍÍÍÍÍÍÍÍØÍÍÍÍÍÍÍÍÍÍÍÍÍÍÍÍÍÍÍÍÍÍÍÍÍÍÍÍÍÍÍÍÍÍÍÍÍÍÍÍÍÍÍÍØÍÍÍÍÍØÍÍÍÍÍÍÍ¹ ³
³ 52 ³ SCIENCE   ³ The Science E-Mail Laboratory              ³     ³ MLink º ³
³ 53 ³ USR       ³ US Robotics Product Info. and Support Line ³     ³ PCRly º ³
³ 54 ³ COMMON    ³ RelayNET Network Message Center            ³     ³ PCRly º ³
³ 55 ³ TECHNICAL ³ Technical Discussions on Computers & Clone ³     ³ PCRly º ³
³ 56 ³ SPORTS    ³ The Sports Arena - Season & Upcoming Events³     ³ PCRly º ³
³ 57 ³ COMMUNIC  ³ Modem and Communication Package Discussion ³     ³ PCRly º ³
³ 58 ³ PROGRAM   ³ General Programming Languages in Review    ³     ³ PCRly º ³
³ 59 ³ SOFTWARE  ³ Question and Answers on Software Packages  ³     ³ PCRly º ³
³ 60 ³ HAM       ³ Ham Radio Equipment - HAMFEST Information  ³     ³ PCRly º ³
³ 61 ³ ENTERTAIN ³ Movies, Books, TV and Radio in Review      ³     ³ PCRly º ³
³ 62 ³ MAC       ³ Macintosh Computer Forum - Tips, Software, ³     ³ PCRly º ³
³ 63 ³ UPLINK    ³ General Chit-Chat - Generic Topics         ³     ³ PCRly º ³
³ 64 ³ NETADMIN  ³ PCRelay Net Administration (PRIVATE)       ³     ³ PCRly º ³
ÔÍÍÍÍÏÍÍÍÍÍÍÍÍÍÍÍÏÍÍÍÍÍÍÍÍÍÍÍÍÍÍÍÍÍÍÍÍÍÍÍÍÍÍÍÍÍÍÍÍÍÍÍÍÍÍÍÍÍÍÍÍÏÍÍÍÍÍÏÍÍÍÍÍÍÍ¼ ³
 ÀÄÄÄÄÄÄÄÄÄÄÄÄÄÄÄÄÄÄÄÄÄÄÄÄÄÄÄÄÄÄÄÄÄÄÄÄÄÄÄÄÄÄÄÄÄÄÄÄÄÄÄÄÄÄÄÄÄ¿  PAGE 5 of 11  ÚÄÙ
                                                           ÀÄÄÄÄÄÄÄÄÄÄÄÄÄÄÄÄÙ

(8 left) More: (Enter) or (Y)es, (N)o, (FL)ag files, (NS)non-stop? 
ÚÄÄÄÄÄÄÄÄÄÄÄÄÄÄÄÄÄÄÄÄÄÄÄÄÄÄÄÄÄÄÄÄÄÄÄÄÄÄÄÄÄÄÄÄÄÄÄÄÄÄÄÄÄÄÄÄÄÄÄÄÄÄÄÄÄÄÄÄÄÄÄÄÄÄÄ·
³          ExecutiveRegionConferences ExecutiveRegionConferencces           ºÄ¿
ÆÍÍÍÍÑÍÍÍÍÍÍÍÍÍÍÍÑÍÍÍÍÍÍÍÍÍÍÍÍÍÍÍÍÍÍÍÍÍÍÍÍÍÍÍÍÍÍÍÍÍÍÍÍÍÍÍÍÍÍÍÍÑÍÍÍÍÍÑÍÍÍÍÍÍÍ¹ ³
³ No.³  Name     ³        Description of Conference           ³Files³ EMail º ³
ÆÍÍÍÍØÍÍÍÍÍÍÍÍÍÍÍØÍÍÍÍÍÍÍÍÍÍÍÍÍÍÍÍÍÍÍÍÍÍÍÍÍÍÍÍÍÍÍÍÍÍÍÍÍÍÍÍÍÍÍÍØÍÍÍÍÍØÍÍÍÍÍÍÍ¹ ³
³ 65 ³ GRAPHICS  ³ Computer Graphics, Animation & Others      ³     ³ PCRly º ³
³ 66 ³ MUSIC     ³ Music discussions from Mozart to Rock!     ³     ³ PCRly º ³
³ 67 ³ HISTORY   ³ Historical topics Past & Present           ³     ³ PCRly º ³
³ 68 ³ TEENS     ³ Forum for ages 12-19. The Teenage Hotline! ³     ³ PCRly º ³
³ 69 ³ WINDOWS   ³ Windows & Windows 386 Open Topic Forum     ³     ³ PCRly º ³
³ 70 ³ MAGICK    ³ Alteration of Objective Reality - Magick!  ³     ³ PCRly º ³
³ 71 ³ JOB-BANK  ³ Job Wanted and Job Postings Conference     ³     ³ PCRly º ³
³ 72 ³ MIDI      ³ Discussions around MIDI software           ³     ³ PCRly º ³
³ 73 ³ IBM       ³ Topic Forum on the IBM PC - Technical Data!³     ³ PCRly º ³
³ 74 ³ VENDORS   ³ Manufacturers Forum - Vendor Support       ³     ³ PCRly º ³
³ 75 ³ MYSTERY   ³ E-Mail on mystery writers, TV shows, etc.  ³     ³ PCRly º ³
³ 76 ³ HOMEWORK  ³ Small Business Work at Home - Entrepeneurs!³     ³ PCRly º ³
³ 77 ³ RECOVERY  ³ Addiction and Recovery Support Group       ³     ³ PCRly º ³
ÔÍÍÍÍÏÍÍÍÍÍÍÍÍÍÍÍÏÍÍÍÍÍÍÍÍÍÍÍÍÍÍÍÍÍÍÍÍÍÍÍÍÍÍÍÍÍÍÍÍÍÍÍÍÍÍÍÍÍÍÍÍÏÍÍÍÍÍÏÍÍÍÍÍÍÍ¼ ³
 ÀÄÄÄÄÄÄÄÄÄÄÄÄÄÄÄÄÄÄÄÄÄÄÄÄÄÄÄÄÄÄÄÄÄÄÄÄÄÄÄÄÄÄÄÄÄÄÄÄÄÄÄÄÄÄÄÄÄ¿  PAGE 6 of 11  ÚÄÙ
                                                           ÀÄÄÄÄÄÄÄÄÄÄÄÄÄÄÄÄÙ

(7 left) More: (Enter) or (Y)es, (N)o, (FL)ag files, (NS)non-stop?
ÚÄÄÄÄÄÄÄÄÄÄÄÄÄÄÄÄÄÄÄÄÄÄÄÄÄÄÄÄÄÄÄÄÄÄÄÄÄÄÄÄÄÄÄÄÄÄÄÄÄÄÄÄÄÄÄÄÄÄÄÄÄÄÄÄÄÄÄÄÄÄÄÄÄÄÄ·
³          ExecutiveRegionConferences ExecutiveRegionConferencces           ºÄ¿
ÆÍÍÍÍÑÍÍÍÍÍÍÍÍÍÍÍÑÍÍÍÍÍÍÍÍÍÍÍÍÍÍÍÍÍÍÍÍÍÍÍÍÍÍÍÍÍÍÍÍÍÍÍÍÍÍÍÍÍÍÍÍÑÍÍÍÍÍÑÍÍÍÍÍÍÍ¹ ³
³ No.³  Name     ³        Description of Conference           ³Files³ EMail º ³
ÆÍÍÍÍØÍÍÍÍÍÍÍÍÍÍÍØÍÍÍÍÍÍÍÍÍÍÍÍÍÍÍÍÍÍÍÍÍÍÍÍÍÍÍÍÍÍÍÍÍÍÍÍÍÍÍÍÍÍÍÍØÍÍÍÍÍØÍÍÍÍÍÍÍ¹ ³
³ 78 ³ CUISINE   ³ Discussions on Food, Restaurants, Recipes  ³     ³ PCRly º ³
³ 79 ³ COMICBOOK ³ Book Collectors Forum - Books, Strips, etc.³     ³ PCRly º ³
³ 80 ³ RELIGION  ³ Religious Forum and Religous Debates       ³     ³ PCRly º ³
³ 81 ³ POLITICS  ³ Political and Social Issues of the Day     ³     ³ PCRly º ³
³ 82 ³ WOMEN     ³ Conference devoted to Women issues         ³     ³ PCRly º ³
³ 83 ³ NEWUSERS  ³ Forum for new users where help is offered  ³     ³ PCRly º ³
³ 84 ³ BICYCLES  ³ For the Bicycle enthusiast                 ³     ³ PCRly º ³
³ 85 ³ QMAIL     ³ QMail Door and Off-Line Reader Support     ³     ³ PCRly º ³
³ 86 ³ DSZ-OMEN  ³ Support from the Author - Chuck Forsberg   ³     ³ PCRly º ³
³ 87 ³ PARENTS   ³ Help between parents on better parenting   ³     ³ PCRly º ³
³ 88 ³ RFL-RBL   ³ RelayNET Football and Baseball League      ³     ³ PCRly º ³
³ 89 ³ BIOLOGY   ³ Genetics, Ecology, Bio-Chemistry, Bionics  ³     ³ PCRly º ³
³ 90 ³ QBASIC    ³ Programming with QBasic Open Forum         ³     ³ PCRly º ³
ÔÍÍÍÍÏÍÍÍÍÍÍÍÍÍÍÍÏÍÍÍÍÍÍÍÍÍÍÍÍÍÍÍÍÍÍÍÍÍÍÍÍÍÍÍÍÍÍÍÍÍÍÍÍÍÍÍÍÍÍÍÍÏÍÍÍÍÍÏÍÍÍÍÍÍÍ¼ ³
 ÀÄÄÄÄÄÄÄÄÄÄÄÄÄÄÄÄÄÄÄÄÄÄÄÄÄÄÄÄÄÄÄÄÄÄÄÄÄÄÄÄÄÄÄÄÄÄÄÄÄÄÄÄÄÄÄÄÄ¿  PAGE 7 of 11  ÚÄÙ
                                                           ÀÄÄÄÄÄÄÄÄÄÄÄÄÄÄÄÄÙ

(7 left) More: (Enter) or (Y)es, (N)o, (FL)ag files, (NS)non-stop?
ÚÄÄÄÄÄÄÄÄÄÄÄÄÄÄÄÄÄÄÄÄÄÄÄÄÄÄÄÄÄÄÄÄÄÄÄÄÄÄÄÄÄÄÄÄÄÄÄÄÄÄÄÄÄÄÄÄÄÄÄÄÄÄÄÄÄÄÄÄÄÄÄÄÄÄÄ·
³          ExecutiveRegionConferences ExecutiveRegionConferencces           ºÄ¿
ÆÍÍÍÍÑÍÍÍÍÍÍÍÍÍÍÍÑÍÍÍÍÍÍÍÍÍÍÍÍÍÍÍÍÍÍÍÍÍÍÍÍÍÍÍÍÍÍÍÍÍÍÍÍÍÍÍÍÍÍÍÍÑÍÍÍÍÍÑÍÍÍÍÍÍÍ¹ ³
³ No.³  Name     ³        Description of Conference           ³Files³ EMail º ³
ÆÍÍÍÍØÍÍÍÍÍÍÍÍÍÍÍØÍÍÍÍÍÍÍÍÍÍÍÍÍÍÍÍÍÍÍÍÍÍÍÍÍÍÍÍÍÍÍÍÍÍÍÍÍÍÍÍÍÍÍÍØÍÍÍÍÍØÍÍÍÍÍÍÍ¹ ³
³ 91 ³ C-LANG    ³ Programming with 'C' Open Forum            ³     ³ PCRly º ³
³ 92 ³ CLIPPER   ³ Technical Help for Clipper - Programming   ³     ³ PCRly º ³
³ 93 ³ RLY-USERS ³ RelayNET Open Forum discussion Area        ³     ³ PCRly º ³
³ 94 ³ XYWRITE   ³ Support for XYWrite Word Processing        ³     ³ PCRly º ³
³ 95 ³ CAD       ³ Computer-Aided Design Conference           ³     ³ PCRly º ³
³ 96 ³ BOATING   ³ Dedicated to the boaters - Discussions     ³     ³ PCRly º ³
³ 97 ³ DR-WHO    ³ Fan CLub Forum of the travelling Doctor    ³     ³ PCRly º ³
³ 98 ³ MEN       ³ Issues Related to MEN - Custody, Divorce,  ³     ³ PCRly º ³
³ 99 ³ PROCOMM   ³ Support Conference for Procomm + Software  ³     ³ PCRly º ³
³100 ³ OOPS      ³ Object Oriented Programming Forum          ³     ³ PCRly º ³
³101 ³ QEDIT     ³ Direct Product Support hosted by SEMWare   ³     ³ PCRly º ³
³102 ³ COMMO     ³ Communications package Support Conference  ³     ³ PCRly º ³
³103 ³ PROTECT   ³ Topics: Virii, Trojans, and Preventives    ³     ³ PCRly º ³
ÔÍÍÍÍÏÍÍÍÍÍÍÍÍÍÍÍÏÍÍÍÍÍÍÍÍÍÍÍÍÍÍÍÍÍÍÍÍÍÍÍÍÍÍÍÍÍÍÍÍÍÍÍÍÍÍÍÍÍÍÍÍÏÍÍÍÍÍÏÍÍÍÍÍÍÍ¼ ³
 ÀÄÄÄÄÄÄÄÄÄÄÄÄÄÄÄÄÄÄÄDDDDDDDDDDDDDDDDDDDDDDDDDDDDDDDDDDDDDD?  PAGE 8 of 11  ZDY

(7 left) 
ÚÄÄÄÄÄÄÄÄÄÄÄÄÄÄÄÄÄÄÄÄÄÄÄÄÄÄÄÄÄÄÄÄÄÄÄÄÄÄÄÄÄÄÄÄÄÄÄÄÄÄÄÄÄÄÄÄÄÄÄÄÄÄÄÄÄÄÄÄÄÄÄÄÄÄÄ·
³          ExecutiveRegionConferences ExecutiveRegionConferencces           ºÄ¿
ÆÍÍÍÍÑÍÍÍÍÍÍÍÍÍÍÍÑÍÍÍÍÍÍÍÍÍÍÍÍÍÍÍÍÍÍÍÍÍÍÍÍÍÍÍÍÍÍÍÍÍÍÍÍÍÍÍÍÍÍÍÍÑÍÍÍÍÍÑÍÍÍÍÍÍÍ¹ ³
³ No.³  Name     ³        Description of Conference           ³Files³ EMail º ³
ÆÍÍÍÍØÍÍÍÍÍÍÍÍÍÍÍØÍÍÍÍÍÍÍÍÍÍÍÍÍÍÍÍÍÍÍÍÍÍÍÍÍÍÍÍÍÍÍÍÍÍÍÍÍÍÍÍÍÍÍÍØÍÍÍÍÍØÍÍÍÍÍÍÍ¹ ³
³104 ³ SOUNDCARD ³ Tech Support for ADLIB & other Sound cards ³     ³ PCRly º ³
³105 ³ CONFHOST  ³ PCRelay Conference Host Forum (PRIVATE)    ³     ³ PCRly º ³
³106 ³ LANTASTIC ³ Support Conference direct from ARTISOFT    ³     ³ PCRly º ³
³107 ³ STRANGE   ³ Strange & Unexplained Phenomena and more!  ³     ³ PCRly º ³
³108 ³ MENSA     ³ Mensa & non-Mensa discussions              ³     ³ PCRly º ³
³109 ³ REMEMBER  ³ Dedicated to memories of the good ol past  ³     ³ PCRly º ³
³110 ³ MUSICIAN  ³ Geared towards Musicians                   ³     ³ PCRly º ³
³111 ³ MODEMNWS  ³ On-Line Magazine support: ModemNews        ³     ³ PCRly º ³
³112 ³ ARCHIVES  ³ Discussions on Archiving/Compression       ³     ³ PCRly º ³
³113 ³ ASP       ³ Association of Software Professionals      ³     ³ PCRly º ³
³114 ³ PCRELAY   ³ PCRelay Support Conference                 ³     ³ PCRly º ³
³115 ³ WAR-ZONE  ³ A place to vent your ANGER! Simple Rules!  ³     ³ PCRly º ³
³116 ³ SPANISH   ³ Spanish speaking Conference - Bienvenidos! ³     ³ PCRly º ³
ÔÍÍÍÍÏÍÍÍÍÍÍÍÍÍÍÍÏÍÍÍÍÍÍÍÍÍÍÍÍÍÍÍÍÍÍÍÍÍÍÍÍÍÍÍÍÍÍÍÍÍÍÍÍÍÍÍÍÍÍÍÍÏÍÍÍÍÍÏÍÍÍÍÍÍÍ¼ ³
 ÀÄÄÄÄÄÄÄÄÄÄÄÄÄÄÄÄÄÄÄÄÄÄÄÄÄÄÄÄÄÄÄÄÄÄÄÄÄÄÄÄÄÄÄÄÄÄÄÄÄÄÄÄÄÄÄÄÄ¿  PAGE 9 of 11  ÚÄÙ
                                                           ÀÄÄÄÄÄÄÄÄÄÄÄÄÄÄÄÄÙ

(7 left) More: (Enter) or (Y)es, (N)o, (FL)ag files, (NS)non-stop?
ÚÄÄÄÄÄÄÄÄÄÄÄÄÄÄÄÄÄÄÄÄÄÄÄÄÄÄÄÄÄÄÄÄÄÄÄÄÄÄÄÄÄÄÄÄÄÄÄÄÄÄÄÄÄÄÄÄÄÄÄÄÄÄÄÄÄÄÄÄÄÄÄÄÄÄÄ·
³          ExecutiveRegionConferences ExecutiveRegionConferencces           ºÄ¿
ÆÍÍÍÍÑÍÍÍÍÍÍÍÍÍÍÍÑÍÍÍÍÍÍÍÍÍÍÍÍÍÍÍÍÍÍÍÍÍÍÍÍÍÍÍÍÍÍÍÍÍÍÍÍÍÍÍÍÍÍÍÍÑÍÍÍÍÍÑÍÍÍÍÍÍÍ¹ ³
³ No.³  Name     ³        Description of Conference           ³Files³ EMail º ³
ÆÍÍÍÍØÍÍÍÍÍÍÍÍÍÍÍØÍÍÍÍÍÍÍÍÍÍÍÍÍÍÍÍÍÍÍÍÍÍÍÍÍÍÍÍÍÍÍÍÍÍÍÍÍÍÍÍÍÍÍÍØÍÍÍÍÍØÍÍÍÍÍÍÍ¹ ³
³117 ³ SCANNERS  ³ Scanner & Shortwave Radio discussions      ³     ³ PCRly º ³
³118 ³ POETRY    ³ For those who write and/or share Poetry    ³     ³ PCRly º ³
³119 ³ USA       ³ United SysOps Association Issues           ³     ³ PCRly º ³
³120 ³ EDUCATE   ³ Discussion all aspects of modern education ³     ³ PCRly º ³
³121 ³ AUDIO     ³ Home Audio Field discussions and reviews   ³     ³ PCRly º ³
³122 ³ SHEZ      ³ Author Support Conference for SHEZ program ³     ³ PCRly º ³
³123 ³ ROBOCOMM  ³ Product Support Conference from the Author ³     ³ PCRly º ³
³124 ³ BIBLE     ³ This forum is for exploring The Bible      ³     ³ PCRly º ³
³125 ³ NOVELL    ³ Novell Users & Administrators Support      ³     ³ PCRly º ³
³126 ³ AQUARIUM  ³ Aquarium Maintenance and Purchasing Forum  ³     ³ PCRly º ³
³127 ³ PSYCHOLOGY³ General discussions on Psychology          ³     ³ PCRly º ³
³128 ³ USSR      ³ Internt'l Conf. focused on USSR/E. Europe  ³     ³ PCRly º ³
³129 ³ PCTOOLS   ³ PCTools Product Support Conference         ³     ³ PCRly º ³
ÔÍÍÍÍÏÍÍÍÍÍÍÍÍÍÍÍÏÍÍÍÍÍÍÍÍÍÍÍÍÍÍÍÍÍÍÍÍÍÍÍÍÍÍÍÍÍÍÍÍÍÍÍÍÍÍÍÍÍÍÍÍÏÍÍÍÍÍÏÍÍÍÍÍÍÍ¼ ³
 ÀÄÄÄÄÄÄÄÄÄÄÄÄÄÄÄÄÄÄÄÄÄÄÄÄÄÄÄÄÄÄÄÄÄÄÄÄÄÄÄÄÄÄÄÄÄÄÄÄÄÄÄÄÄÄÄÄÄ¿ PAGE 10 of 11  ÚÄÙ
                                                           ÀÄÄÄÄÄÄÄÄÄÄÄÄÄÄÄÄÙ

(6 left) More: (Enter) or (Y)es, (N)o, (FL)ag files, (NS)non-stop?
ÚÄÄÄÄÄÄÄÄÄÄÄÄÄÄÄÄÄÄÄÄÄÄÄÄÄÄÄÄÄÄÄÄÄÄÄÄÄÄÄÄÄÄÄÄÄÄÄÄÄÄÄÄÄÄÄÄÄÄÄÄÄÄÄÄÄÄÄÄÄÄÄÄÄÄÄ·
³          ExecutiveRegionConferences ExecutiveRegionConferencces           ºÄ¿
ÆÍÍÍÍÑÍÍÍÍÍÍÍÍÍÍÍÑÍÍÍÍÍÍÍÍÍÍÍÍÍÍÍÍÍÍÍÍÍÍÍÍÍÍÍÍÍÍÍÍÍÍÍÍÍÍÍÍÍÍÍÍÑÍÍÍÍÍÑÍÍÍÍÍÍÍ¹ ³
³ No.³  Name     ³        Description of Conference           ³Files³ EMail º ³
ÆÍÍÍÍØÍÍÍÍÍÍÍÍÍÍÍØÍÍÍÍÍÍÍÍÍÍÍÍÍÍÍÍÍÍÍÍÍÍÍÍÍÍÍÍÍÍÍÍÍÍÍÍÍÍÍÍÍÍÍÍØÍÍÍÍÍØÍÍÍÍÍÍÍ¹ ³
³130 ³ AUTOMATE  ³ Support for AUTOMATE - QModem add-in       ³     ³ PCRly º ³
³131 ³ FLIGHT    ³ Flight Sim; Sim: ATP, etc. - Tips & More.. ³     ³ PCRly º ³
³132 ³ CANADA    ³ The Canadian Link - Up North discussions   ³     ³ PCRly º ³
³133 ³ CORELDRW  ³ Drawing and Art Program E-Mail Support     ³     ³ PCRly º ³
³134 ³ PC-FAIRS  ³ Calander and Event Conference for PC Fairs ³     ³ PCRly º ³
³135 ³ PC-CHEF   ³ Local/Private Corporate Support Conference ³     ³ Local º ³
³    ³           ³                                            ³     ³       º ³
³    ³           ³                                            ³     ³       º ³
³    ³           ³                                            ³     ³       º ³
³    ³           ³                                            ³     ³       º ³
³    ³           ³                                            ³     ³       º ³
³    ³           ³                                            ³     ³       º ³
³    ³           ³                                            ³     ³       º ³
ÔÍÍÍÍÏÍÍÍÍÍÍÍÍÍÍÍÏÍÍÍÍÍÍÍÍÍÍÍÍÍÍÍÍÍÍÍÍÍÍÍÍÍÍÍÍÍÍÍÍÍÍÍÍÍÍÍÍÍÍÍÍÏÍÍÍÍÍÏÍÍÍÍÍÍÍ¼ ³
 ÀÄÄÄÄÄÄÄÄÄÄÄÄÄÄÄÄÄÄÄÄÄÄÄÄÄÄÄÄÄÄÄÄÄÄÄÄÄÄÄÄÄÄÄÄÄÄÄÄÄÄÄÄÄÄÄÄÄ¿ PAGE 11 of 11  ÚÄÙ
                                                           ÀÄÄÄÄÄÄÄÄÄÄÄÄÄÄÄÄÙ
(+)(-), (A)config, (L)ocate-keyword, (N)ewMail, (S)tats, (Y)ours-personal
Join Conference Command: (Enter)=none? 

(24 used, 6 left) FORSALE [7] Conference Command? j;108

Welcome to the MENSA Conference, Roy

New Message Numbers: 3,397
Last Message Read:   0
High Message Number: 3,397
Active Messages:     210

Scan [MENSA] for personal mail: (Enter)=yes? n

(24 used, 6 left) MENSA [108] Conference Command? s

* ’utoScribe * The ’utomated Registration Door  product of Computer Profiles
  Copyright (c) 1991-92, Computer Profiles
  Written by Gary Smith
  Registered Version
  Press (Enter) to continue:
  ÚÄÄÄÄÄÄÄÄÄÄÄÄÄÄÄÄÄÄÄÄÄÄÄÄÄÄÄÄÄÄÄÄÄÄÄÄÄÄÄÄÄÄÄÄÄÄÄÄÄÄÄÄÄÄÄÄÄÄÄÄÄÄÄÄÄÄÄÄÄÄÄÄÄ¿
  ³  **  WARNING  WARNING  WARNING  WARNING  WARNING  WARNING  WARNING  **  ³
  ÀÄÄÄÄÄÄÄÄÄÄÄÄÄÄÄÄÄÄÄÄÄÄÄÄÄÄÄÄÄÄÄÄÄÄÄÄÄÄÄÄÄÄÄÄÄÄÄÄÄÄÄÄÄÄÄÄÄÄÄÄÄÄÄÄÄÄÄÄÄÄÄÄÄÙ
   We are accepting Credit Cards for the purposes of transacting business on
  this system. Any person who uses a Credit Card for the purpose of obtaining
           goods or services on this system with the knowledge that:

                   1. The card has been stolen
                   2. The card has been revoked or cancelled
                   3. Any other unauthorized use of the card

  That person will be Guilty of a Federal Crime and subject to prosecution to
  the FULLEST EXTENT OF THE LAW!  (This includes entering false card numbers)

        ÚÄÄÄÄÄÄÄÄÄÄÄÄÄÄÄÄÄÄÄÄÄÄÄÄÄÄÄÄÄÄÄÄÄÄÄÄÄÄÄÄÄÄÄÄÄÄÄÄÄÄÄÄÄÄÄÄÄÄÄ¿
        ³  All transactions from this BBS system will be billed as  ³
        ³           ClockWorks, Inc. -  Lake Forest, Ill.           ³
        ÀÄÄÄÄÄÄÄÄÄÄÄÄÄÄÄÄÄÄÄÄÄÄÄÄÄÄÄÄÄÄÄÄÄÄÄÄÄÄÄÄÄÄÄÄÄÄÄÄÄÄÄÄÄÄÄÄÄÄÄÙ

         *  Caller ID may be used on this system without warning  *

 Press (Enter) to continue:




                              ’utoScribe Main Menu

(1) View Subscriptions   (2) Subscribe to BBS   (3) Return to Main Board

Enter Command? 3

         Thank you for using Executive Region's Credit Card System.
            Any contributions made here are deeply appreciated!

                                            Randy G. - SysOp









 Press (Enter) to continue:

Registered to Executive Region Premium BBS

* ’utoScribe *  written by Gary R. Smith, Copyright (C) 1991-92
Computer Profiles, Marietta, Ga, 30066, Support Board (404) 516-7150

Returning to system, Please wait...      


(25 used, 6 left) MENSA [108] Conference Command? qs
Quick scan from: (+/-)(NS), (Y)our, (YA)ll, (Enter)='1+'? 

Scanning (The command "RESET" will reset your message pointer) ...              

Msg#   Ref#     Date  To              From            Subject
3187            07-25 LEONARD NADLER  KEN STUCKAS      A QUESTION
This is actually a question I'd like to throw out for general/discussion.//  Do

3188            07-25 CRAIG WAGNER    DANIEL HURST    Two parties?
CW>-> The advantage of the two-party system, even if it IS primarily at the/  >

3189            07-26 KEITH GLASS     FRED GROSBY     L.A. - DURING THE RIOTS
>TP>>-> DF>>On a tangent, any guess when we will have a Tailhook scapegoat?/>TP

3190            07-27 MAX VEST        TODD DRY        TWO PARTIES?
/MV>        It also gripes me that Marrou, nor the Libertarian Party, has/MV>  

3191            07-27 LEONARD NADLER  TODD DRY        Two parties?
LN>Still, it is always possible for Third Parties to arise, as we/LN>have had i

3192            07-27 LEONARD NADLER  TODD DRY        BUSH AND SCHOOLS
LN>(Assume you mean NEA)./LN>How are they powerful?  After all, they can really

(5 left) More: (Enter) or (Y)es, (N)o, (FL)ag files, (NS)non-stop? ns                                                                        3193            07-27 LEONARD NADLER  TODD DRY        Clinton
LN>Perhaps Clinton's plan will not stand up to Bush's, but at least/LN>he has a

3194            07-26 KEITH GLASS     MIKE STEINER    Taxing above $1 million
On 07-22-92, KEITH GLASS wrote to MIKE STEINER:// KG> Where does it say Social 

3195            07-25 JAMES JONES     MIKE MUDD       BOSS ROSS
JJ>MM¯JJ>Both Bush and Perot have lost faith in the ability of the American/JJ>
.
3196            07-24 KEITH GLASS     MIKE MUDD       Taxing above $1 million
KG>Mike. . .//KG>MM>>KG>That, and end the social security tax cut-off: make it 

3197            07-24 JAMES JONES     MIKE MUDD       BOSS ROSS
JJ>Wait til we get hit with economic impact*s* of AIDS related productivity/JJ>

3198            07-26 JAMES JONES     KEITH GLASS     hobbies
James. . . .//JJ>>I am bored of talking about politics. Does anyone out there i

3200            07-24 LEONARD NADLER  DICK BREWSTER   Quayle & Pro-choice
LNºÿDon't bother looking in the mirror./  ºÿJust listen to Quayle trying to tal

3201            07-24 LEONARD NADLER  DICK BREWSTER   BUSH AND SCHOOLS
LNºÿApparently my analogy did not communicate./  ºÿBush wanting to give voucher

3202            07-26 CRAIG WAGNER    LEONARD NADLER  Two parties?
-> That's just an opinion (and one with which I happen to disagree).  Th/-> par

3203            07-26 CRAIG WAGNER    LEONARD NADLER  Two parties?
-> In a preferential system, rather than picking one candidate, one rank/-> the

3204            07-26 MIKE STEINER    LEONARD NADLER  BUSH AND SCHOOLS
-> they are a *lobby* among other things.  They can threaten legislators/-> con

3205            07-26 DOUG HAIRE      LEONARD NADLER  TAXING ABOVE $1 MILLION
-> No, that answers *your* question. My question (for the third and/-> last tim

3206   3191     07-26 TODD DRY        LEONARD NADLER  Two parties?
->         Wasn't their a very strong third party movement in or around/->     
.
3207   3192     07-26 TODD DRY        LEONARD NADLER  BUSH AND SCHOOLS
->         I could be wrong but I do believe I mean the NEC (National/->       

3208            07-26 MAX VEST        LEONARD NADLER  TWO PARTIES?
->         Even though I can't quite take *all* the Libertarians creed,/->     

3209            07-26 MIKE MUDD       LEONARD NADLER  BOSS ROSS
-> no, not unless Perot is willing to reimburse everyone who worked or p/-> int

3210            07-26 TODD DRY        LEONARD NADLER  Reagan and balanced budge
->         If I am not mistaken, Ronald Reagan submitted a balanced budg/->    

3211   3193     07-26 TODD DRY        LEONARD NADLER  Clinton
->         salesman than that. He'll ask the people "Would you prefer th/->    

3212            07-26 MIKE STEINER    DOUG HAIRE      TAXING ABOVE $1 MILLION
MS|On 07-24-92, LEONARD NADLER wrote to DOUG HAIRE://LN> I believe in a progres

3213   3187     07-26 KEN STUCKAS     DOUG HAIRE      A QUESTION
KS|This is actually a question I'd like to throw out for general/  |discussion.

3214            07-26 KEITH GLASS     TOM PUTNAM      L.A. - DURING THE RIOTS
-> When an officer or Secretary who was not there and did not/-> participate in

3215            07-26 MIKE MUDD       KEN STUCKAS     MENSA
-> FG>3. The bigger a group gets, the more cliques seem to form.  Yuck!/-> I've

3216   3205     07-26 LEONARD NADLER  DOUG HAIRE      TAXING ABOVE $1 MILLION
DH> last time) was: Do you support the idea that excess (undetermined/  > but p
.
3217            07-26 TODD DRY        DANIEL HURST    Two parties?
/TD>        Part of the problem here is that we do not, by design, have a/  >  

3218            07-26 LEONARD NADLER  DANIEL HURST    Two parties?
/LN>Interesting viewpoint from Canada - thanks./  >Wonder what other people fro

3219            07-27 ALL             MIKE STEINER    Hell's M's
I'm crossposting the following (with permission) from the Fidonet /Menans_Only 

3220   3187     07-27 KEN STUCKAS     MIKE STEINER     A QUESTION
On 07-25-92, KEN STUCKAS wrote to LEONARD NADLER:// KS>   Does the ends justify

3221   3189     07-27 FRED GROSBY     MIKE STEINER    L.A. - DURING THE RIOTS
On 07-26-92, FRED GROSBY wrote to KEITH GLASS:// FG> >When an officer or Secret

3222            07-27 MIKE MUDD       MIKE STEINER    MENSA
On 07-23-92, MIKE MUDD wrote to FRED GROSBY:// MM> FG>3. The bigger a group get

3223   3191     07-27 TODD DRY        MIKE STEINER    Two parties?
On 07-26-92, TODD DRY wrote to LEONARD NADLER:// TD> Wasn't their a very strong

3224            07-24 DANIEL HURST    PAUL WITHERIDGE Two parties?
DH> Way up here in the "Great White North" we have, well, three/DH> major parti

3225            07-25 CRAIG WAGNER    PAUL WITHERIDGE Two parties?
CW> I'm sorry, I just can't see that as an "advantage."  Two party/CW> systems 

3226            07-25 MIKE MUDD       STEFAN BAKER    GET RID OF THE MONEY!!!
MM ³ SB>MM ³ Only in America would a guy with $3 billion be asking for contribu
.
3227            07-25 LOUANN QUALLS   STEFAN BAKER    States rights
LQ ³ Re Clinton's love life: was it Winston Churchill who said he'd known  twen

3228            07-25 LEONARD NADLER  STEFAN BAKER    SOCIAL SECURITY
LN 3 -> Do you also support eSB ³ -> For a good number of years (in the 50s I think) the then Imperial/   ³ 

3230            07-26 CRAIG WAGNER    STEFAN BAKER    Two parties?
CW ³ -> The "disgust" of the existing parties is because they have earned the/ 

3231            07-25 DOUG HAIRE      STEFAN BAKER    understanding
DH ³ MS|You got one part wrong.  You have Bush, Quayl [sic], and Perot pegged/ 

3232   3187     07-27 KEN STUCKAS     LOUANN QUALLS   A QUESTION
end/means -- I like the point brought up in the "Watchmen" graphic novel: /noth

3233   3188     07-27 DANIEL HURST    LOUANN QUALLS   Two parties?
Most of what I know about Canada comes from watching "Adderly" a couple  of/yea

3234   3191     07-27 TODD DRY        LOUANN QUALLS   Two parties?
Oh yeah, WJ Bryan and the 'cross of gold' speech. Bryan was a nut.//Via SPITFIR

3235   3198     07-27 KEITH GLASS     LOUANN QUALLS   hobbies
I know a woman with two husbands, but they've moved and I don't have  contact/í

3236   3189     07-27 FRED GROSBY     KEITH GLASS     L.A. - DURING THE RIOTS
Fred. . .//FG>>>TP>>-> DF>>On a tangent, any guess when we will have a Tailhook
.
3237            07-27 DICK BREWSTER   KEITH GLASS     L.A. - DURING THE RIOTS
Dick. . .//DB>>KGºÿWhen an officer or Secretary who was not there and did not p

3238            07-27 LEONARD NADLER  TODD DRY        BOSS ROSS
LN>Isn't somebody suing him in Florida on that one?/LN>Wonder if this is the fi

3239            07-27 LEONARD NADLER  TODD DRY        BUSH AND SCHOOLS
LN>    At no point is a lobbying group part of the "administrative/LN>bureaucra

3240            07-27 LEONARD NADLER  TODD DRY        Reagan and balanced budge
LN>->         If I am not mistaken, Ronald Reagan submitted a balanced budg/LN>

3241            07-27 LEONARD NADLER  TODD DRY        Clinton
LN>Guess I read it differently.  Clinton is not asking which people/LN>prefer, 

3242            07-28 ALL             AL BEECY        Party Time!
    Print Me! Print Me! Print Me! Print Me! Print Me! Print Me!/===============

3243   3209     07-28 LEONARD NADLER  FRED GROSBY     BOSS ROSS
>-> no, not unless Perot is willing to reimburse everyone who worked or p/>-> i

3244            07-28 KEN STUCKAS     DOUG HAIRE      A QUESTION
KS|  Does the ends justify the means?//dh> Or we could examine it from the cont

3245   3230     07-28 STEFAN BAKER    BOB SMITH JR.   TWO PARTIES?
SBº       In 1820 James Monroe said, "There is every reason to believe that our

3246            07-28 FRED GROSBY     TODD DRY        MENSA
FG>I don't know, but it saddens me to see this happen in a Mensa group.  I/FG>m
.
3247            07-28 DANIEL HURST    TODD DRY        Two parties?
DH>Perhaps Bush, the education president, should do something to improve/DH>the

3248            07-28 MIKE STEINER    TODD DRY        Two parties?
MS>There was a third party earlier than that that did even better, and/MS>manag

3249            07-28 STEFAN BAKER    TODD DRY        understanding
SB>       Excuse me?  Clinton tied the knot?  Aren't we carrying party/SB>affil

3250   3214     07-28 TOM PUTNAM      KEITH GLASS     L.A. - DURING THE RIOTS
TP>>-> When an officer or Secretary who was not there and did not/TP>>-> partic

3251            07-28 LEONARD NADLER  TIM BANDY       Business man and WH
LN>Perot has few loyalties - particularly politically./LN>But, that could be ve

3252   3201     07-29 DICK BREWSTER   LEONARD NADLER  BUSH AND SCHOOLS
-> Perhaps it would be worthwhile to look at successful school systems s/-> som

3253   3216     07-29 DOUG HAIRE      LEONARD NADLER  TAXING ABOVE $1 MILLION
-> I'd ask you to explain why there should be limits and how that/-> might be d

3254            07-29 CRAIG WAGNER    LEONARD NADLER  Two parties?
-> taxpayer-generated funds.  Why should I, for instance, have to subsid/-> the

3255   3238     07-29 TODD DRY        LEONARD NADLER  BOSS ROSS
->         Someone in Florida is suing him. But he was not officialy a/->      

3256   3239     07-29 TODD DRY        LEONARD NADLER  BUSH AND SCHOOLS
->         Of course they would not be a part of the "administrative/->        
.
3257   3240     07-29 TODD DRY        LEONARD NADLER  Reagan and balanced budge
->         last ran on a balanced federal budget. Reagan did submit a/->       

3258   3241     07-29 TODD DRY        LEONARD NADLER  Clinton
->         that he can't spell potato. I find it also very interesting t/->    

3259   3195     07-29 MIKE MUDD       LEONARD NADLER  Clinton and education
-> Actually I think he does get it.  His "plan" was rejected by congress//Which

3260   3197     07-29 MIKE MUDD       LEONARD NADLER  AIDS
-> You're not giving into the media hysteria of aids are you?  Try a/-> non fic

3261   3225     07-29 PAUL WITHERIDGE LEONARD NADLER  Two parties?
->         How about finding an incentive to attract some REAL leaders?/-> We'r

3262   3236     07-28 KEITH GLASS     FRED GROSBY     L.A. - DURING THE RIOTS
>FG>>Please note that the former SecNav was *not* fired.  He resigned, citing/>

3263   3187     07-28 KEN STUCKAS     BYRON THOMASON  A QUESTION
KS>This is actually a question I'd like to throw out for general/KS>discussion.

3264            07-28 SCOTT PARKS     DON FORT        local events
SP=>DF)For the active and inactive M's among us, what are the best attended and

3265            07-28 MAX VEST        DON FORT        THIS CONFERENCE
MV=>DF>Is it any wonder that ethanol consumption is increased at an RG or AG...

3266            07-28 MAX VEST        DON FORT        Tailhookings
MV=>DF>On a tangent, any guess when we will have a Tailhook scapegoat?//MV=>   
.
3267            07-28 TOM PUTNAM      DON FORT        TAILHOOKERS
TP=>-> penalties for those forming the gauntlet.  I see all of the enlisted/TP=

3268            07-28 MIKE MUDD       DON FORT        MENSA
MM=>FG>3. The bigger a group gets, the more cliques seem to form.  Yuck!//MM=>I

3269            07-28 STEFAN BAKER    DON FORT        GET RID OF THE MONEY!!!
SB=>   ³ SB=>       I love it when someone like Quayle or Buchannon starts talk

3270            07-28 STEFAN BAKER    DON FORT        scientific Quayleism(e)
SB=>   ³ SB=>       Bwaaahaahaaaaahaaahahaaa!  Don, it CAME with its feet in it

3271            07-28 MIKE STEINER    DON FORT        local events
MS=> FG> First Friday is a pretty neat idea, but it wouldn't work around/MS=> F

3272            07-28 KEITH GLASS     DON FORT        Quayle creation or scienm
KG=>SB>>KG ³ Well, if you're planning on having Quayle with a nice Chianti, you

3273            07-28 MIKE STEINER    DON FORT        THIS CONFERENCE
MS=> MV> Please remember that ignorance is different from stupidity/MS=> MV> an

3274            07-28 KEITH GLASS     DON FORT        L.A. - DURING THE RIOTS
KG=>TP>>-> DF>>On a tangent, any guess when we will have a Tailhook scapegoat?/

3275            07-28 STEFAN BAKER    DON FORT        States rights
SB=>   ³ SB=>that the constitution provided for the "equal protection under the

3276            07-28 STEFAN BAKER    DON FORT        Another helping of Rice?
SB=>       Have you heard the latest allegations?  It seems that a certain Ms./
.
3277   3190     07-28 TODD DRY        DON FORT        TWO PARTIES?
TD=>MV>        It also gripes me that Marrou, nor the Libertarian Party, has/TD

3278   3200     07-28 DICK BREWSTER   DON FORT        Quayle & Pro-choice
DB=>LNºÿDon't bother looking in the mirror./DB=>  ºÿJust listen to Quayle tryin

3279   3210     07-28 LEONARD NADLER  DON FORT        Reagan and balanced budge
LN=>->         If I am not mistaken, Ronald Reagan submitted a balanced budg/LN

3280            07-28 DANIEL RAFFENSP JAMES JONES     understanding....NOTs
DR¯pouring Super-Glue all over the knot. Then Clinton added a/DR¯granny-knot to

3281   3187     07-28 KEN STUCKAS     JAMES JONES     A QUESTION
KS¯This is actually a question I'd like to throw out for general/KS¯discussion.

3282            07-28 DANIEL RAFFENSP JAMES JONES     Dump the labels....
DR¯challenge, that doesn't HAVE any `sound-bite solutions'. So what/DR¯do we do

3283            07-28 TODD DRY        JAMES JONES     Democratic Candidate
TD¯        Once again I have not read Clinton's economic plan and I will./TD¯  

3284            07-28 TODD DRY        JAMES JONES     BOSS ROSS
TD¯JJ>Mr. Bush does not get it, and stands in the way of those of us who do.//T

3285   3195     07-28 MIKE MUDD       JAMES JONES     BOSS ROSS
MM¯ þ SLMR 2.0 þ Trees moving back and forth make the wind blow.//Do you believ

3286   3224     07-29 PAUL WITHERIDGE DANIEL HURST    Two parties?
PW>        Hi Dan!  'Nudder Canuck here.  I must be missin' sumpin'... WHAT/  >
.
3287   3254     07-29 LEONARD NADLER  CRAIG WAGNER    Two parties?
-> taxpayer-generated funds.  Why should I, for instance, have to subsid/-> the

3288   3253     07-29 LEONARD NADLER  DOUG HAIRE      TAXING ABOVE $1 MILLION
DH> I'd ask you to explain why there should be limits and how that/  > might be

3289   3250     07-30 KEITH GLASS     TOM PUTNAM      L.A. - DURING THE RIOTS
-> Problem is, the Secretary is NOT the Commander: the CNO is. . .no/-> matter,

3290   3246     07-30 TODD DRY        FRED GROSBY     MENSA
>FG>I don't know, but it saddens me to see this happen in a Mensa group.  I/>FG

3291   3287     07-30 CRAIG WAGNER    DOUG HAIRE      Two parties?
CW|Isn't that rather, well, trite?  Of course democracy costs.  But it/  |doesn

3292   3252     07-30 LEONARD NADLER  DICK BREWSTER   BUSH AND SCHOOLS
LNºÿ-> Perhaps it would be worthwhile to look at successful school systems s/  

3293   3278     07-30 DON FORT        DICK BREWSTER   Quayle & Pro-choice
/DFºÿNor do they apply to the religious right.  Any more questions serf?  <G>//

3294   3265     07-30 DON FORT        MAX VEST        THIS CONFERENCE
DF>MV=>DF>Is it any wonder that ethanol consumption is increased at an RG or AG

3295   3250     07-30 KEITH GLASS     MAX VEST        L.A. - DURING THE RIOTS
KG>Problem is, the Secretary is NOT the Commander: the CNO is. . .no/KG>matter,

3296   3285     07-30 JAMES JONES     MAX VEST        BOSS ROSS
JJ>MM¯ þ SLMR 2.0 þ Trees moving back and forth make the wind blow.//JJ>Do you 
.
3297   3283     07-30 JAMES JONES     MAX VEST        DEMOCRATIC CANDIDATE
JJ>TD¯        Once again I have not read Clinton's economic plan and I will./JJ

3298            07-28 MIKE MUDD       PAUL WITHERIDGE BOSS ROSS
MM> no, not unless Perot is willing to reimburse everyone who worked/MM> or pai

3299   3203     07-29 LEONARD NADLER  PAUL WITHERIDGE Two parties?
LN> Of course new parties must spend enormous energy.  If not, we/LN> would be 

3300   3279     07-31 DON FORT        LEONARD NADLER  balanced budget
-> LN=>Don't recall that.  From what I have read the last balanced budge/-> LN=

3301   3287     07-31 CRAIG WAGNER    LEONARD NADLER  Two parties?
-> other states, the general taxpayer subsidizes a "general" primary/-> electio

3302   3288     07-31 DOUG HAIRE      LEONARD NADLER  TAXING ABOVE $1 MILLION
-> The next time you respond, you might think about opening your/-> mind and co

3303   3291     07-31 DOUG HAIRE      CRAIG WAGNER    Two parties?
-> Now that's an interesting perspective! Are you suggesting that/-> the politi

3304   3299     07-31 PAUL WITHERIDGE CRAIG WAGNER    Two parties?
->       Ummmm... just a quick intrusion here, Leonard.  I wouldn't be/-> too q

3305   3265     07-31 DON FORT        FRED GROSBY     THIS CONFERENCE
>Regional and Annual Gathering(s), both acronyms are pronounced as/>written (so

3306            07-31 JAMES JONES     LOUANN QUALLS   The convention
Havne't seen Buffy yet.  Why do you choose the word 'important?'  Heavy /sarcas
.
3307            08-01 LEONARD NADLER  TODD DRY        BUSH AND SCHOOLS
LN>    And that is the problem!!  There are too many people out there/LN>willin

3308            08-01 DON FORT        TODD DRY        TWO PARTIES?
/DF>Does sort of sound like an also ran Democrat this year...//        Do you m

3309            08-01 LEONARD NADLER  TODD DRY        Reagan and balanced budge
LN>Yes - it was so bad that it was DOA, and even the Republicans did/LN>not wan

3310            08-01 LEONARD NADLER  TODD DRY        Clinton
LN>Do you really want to compare Quayle's inability to spell, or his/LN>inabili

3311            08-01 LEONARD NADLER  TODD DRY        Clinton and education
LN>Where did you get the "ANYBODY"?/LN>Clinton's plan is to make loans availabl

3312            08-01 LEONARD NADLER  TODD DRY        AIDS
LN>Hardly media hysteria, if you have been watching the conference in/LN>Amster

3313            08-01 JAMES JONES     TODD DRY        Democratic Candidate
JJ>I refrain from engaging in much more political discussion, but I do/JJ>point

3314   3292     08-01 DICK BREWSTER   LEONARD NADLER  BUSH AND SCHOOLS
-> I do think that more standardization would be an improvement, but not/-> deg

3315   3295     08-01 MAX VEST        LEONARD NADLER  Navy & sex harrassment
->         Perhaps (and it's *just* a perhaps since I'm not keeping trac/->    

3316   3299     08-01 PAUL WITHERIDGE LEONARD NADLER  Two parties?
->         Ummmm... just a quick intrusion here, Leonard.  I wouldn't be/-> too
.
3317            07-31 LOUANN QUALLS   JAY CLARK       hobbies
LQ³I know a woman with two husbands, but they've moved and I don't have  contac

3318            07-31 JAMES JONES     HENRY BLUMENTHA The convention
   Yes, Clinton, if elected, will have a mandate. He will be expected to/deal w

3319   3246     07-31 TODD DRY        KEN STUCKAS     MENSA
-> FG>I don't know, but it saddens me to see this happen in a Mensa/-> group.  

3320   3274     07-31 DON FORT        KEN STUCKAS     TAILHOOKERS
I have an ex-Navy carrier pilot friend who has attended those Tailhook/gatherin

3321   3281     07-31 JAMES JONES     KEN STUCKAS     A QUESTION
-> KS¯  Does the ends justify the means?/->/-> Does the whole picture deserve c

3322   3302     08-01 LEONARD NADLER  DOUG HAIRE      TAXING ABOVE $1 MILLION
LN³As you equate an "open mind" with agreeing with you, and you/  ³contend that

3323   3303     08-01 CRAIG WAGNER    DOUG HAIRE      Two parties?
CW³Certainly, if the local (state) government has already scheduled an/  ³elect

3324            07-30 DON FORT        MIKE MUDD       Taxing above $1 million
DF>MM=>KG>LN>>-> LN|Are you worried that they will tax your salary above $1 mil

3325            07-31 DON FORT        MIKE MUDD       mensa
DF>MM=>DF>I guess to the purists, the nominal traffic rate should prove the mer

3326            07-31 JAMES JONES     MIKE MUDD       BOSS ROSS
JJ>MM¯ þ SLMR 2.0 þ Trees moving back and forth make the wind blow.//JJ>Do you 
.
3327            08-02 LEONARD NADLER  TODD DRY        balanced budget
LN>Don't know./LN>But wasn't the issue wunless Perot is willing to reimburse everyone who worked/PW>MM> 

3329            08-01 FRED GROSBY     MIKE MUDD       THIS CONFERENCE
FG>>Regional and Annual Gathering(s), both acronyms are pronounced as/FG>>writt

3330            08-01 LEONARD NADLER  MIKE MUDD       Navy & sex harrassment
LN>->         Perhaps (and it's *just* a perhaps since I'm not keeping trac/LN>

3331   3289     08-01 TOM PUTNAM      KEITH GLASS     L.A. - DURING THE RIOTS
Tom. . .//TP>>-> Problem is, the Secretary is NOT the Commander: the CNO is. . 

3332   3295     08-01 MAX VEST        KEITH GLASS     L.A. - DURING THE RIOTS
Max. . .//MV>>KG>Problem is, the Secretary is NOT the Commander: the CNO is. . 

3333   3247     08-02 TODD DRY        DANIEL HURST    Two parties?
TD>        I get your point. I also find it interesting that back when the/  > 

3334   3301     08-02 LEONARD NADLER  CRAIG WAGNER    Two parties?
-> Yes - the general taxpayer (through check off on the tax return, not/-> mone

3335   3323     08-02 DOUG HAIRE      CRAIG WAGNER    Two parties?
-> CW³Certainly, if the local (state) government has already scheduled/-> an ³e

3336   3327     08-02 TODD DRY        CRAIG WAGNER    balanced budget
-> LN>Don't know./-> LN>But wasn't the issue whether or not a President could s
.
3337   3325     08-02 MIKE MUDD       KEN STUCKAS     MENSA
-> As to the claims question, not having mentioned claims I'm not sure/-> what 

3338   3327     08-02 TODD DRY        DOUG HAIRE      balanced budget
TD³        The president can submit one until hell freezes over, congress/  ³  

3339   3315     08-02 LEONARD NADLER  KEITH GLASS     Navy & sex harrassment
Leonard. . .//LN>>->         Perhaps (and it's *just* a perhaps since I'm not k

3340   3320     08-02 KEN STUCKAS     KEITH GLASS     TAILHOOKERS
Ken. . .//KS>>I have an ex-Navy carrier pilot friend who has attended those Tai

3341            08-02 LEONARD NADLER  TODD DRY        BUSH AND SCHOOLS
LN>Agreed, if by standardization you mean some basic standards that/LN>it is ex

3342            08-02 KEN STUCKAS     TODD DRY        MENSA
KS>Or, could it be that cliques are just a group of people who are friends/KS>f

3343            07-31 HENRY BLUMENTHA MAX VEST        RG AND AG
HB>->       Please remember that ignorance is different from stupidity and/HB>-

3344            07-31 JAMES JONES     MAX VEST        THIS CONFERENCE
JJ>MV¯        Please remember that ignorance is different from stupidity and/JJ

3345            08-04 DOUG HAIRE      CRAIG WAGNER    Two parties?
-> Now I am beginning to wonder about this ... Do the parties pay the/-> govern

3346   3320     08-04 KEN STUCKAS     CRAIG WAGNER    TAILHOOKERS
-> I have an ex-Navy carrier pilot friend who has attended those/-> Tailhook ga
.
3347   3317     08-04 JAY CLARK       LOUANN QUALLS   hobbies
Thanks for the suggestion, but you talk as if I had money.//Via SPITFIRE Bullet

3348   3320     08-04 KEN STUCKAS     LOUANN QUALLS   TAILHOOKERS
Or, it could be a variation on the "they know what to expect" line used  by/eve

3349            08-04 CRAIG WAGNER    TODD DRY        balanced budget
CW>This whole type of discussion seems kind of pointless to me, since all/CW>mo

3350   3316     08-04 LEONARD NADLER  KYLE JOHNSON    Two parties?
/LN>I was using "coalition government" in the context of those countries/LN>whi

3351            08-05 BOB RINKER      LEONARD NADLER  BUSH AND SCHOOLS
->   There's another point in this whole discussion that needs addressin/->   (

3352   3307     08-05 TODD DRY        LEONARD NADLER  BUSH AND SCHOOLS
->         Ok, let's identify the problem. The problem, as I see it, is/->     

3353   3309     08-05 TODD DRY        LEONARD NADLER  Reagan and balanced budge
->         balance. As I understand it congress now has it so that/->         a

3354   3310     08-05 TODD DRY        LEONARD NADLER  Clinton
->         whether or not this was under existing law. Then he stated th/->    

3355   3311     08-05 TODD DRY        LEONARD NADLER  Clinton and education
->          Have you not read Clinton's plan, Leonard? In Clinton's "A P/->    

3356   3312     08-05 TODD DRY        LEONARD NADLER  AIDS
->         Definately media hysteria, are cancer and heart disease less/->     
.
3357   3327     08-05 TODD DRY        LEONARD NADLER  balanced budget
->         The president can submit one until hell freezes over, congres/->    

3358   3334     08-05 CRAIG WAGNER    LEONARD NADLER  Two parties?
-> No, that's not the money to which I was refering.  The check-off mone/-> is 

3359   3341     08-05 TODD DRY        LEONARD NADLER  BUSH AND SCHOOLS
->         If "what already exists" is, for the most part, a failed effo/->    

3360   3329     08-05 MIKE MUDD       FRED GROSBY     THIS CONFERENCE
>FG>>Regional and Annual Gathering(s), both acronyms are pronounced as/>FG>>wri

3361   3345     08-05 CRAIG WAGNER    DOUG HAIRE      Two parties?
DH> Now I am beginning to wonder about this ... Do the parties pay the/  > gove

3362            08-03 ALL             JAMES JONES     POLITICS
/A few suggestions for all citizens from now till November://1) Support the Pre

3363   3313     08-05 TODD DRY        JAMES JONES     Democratic Candidate
TD¯JJ>I refrain from engaging in much more political discussion, but I do/TD¯JJ

3364   3306     08-05 LOUANN QUALLS   JAMES JONES     The convention
LQ¯Haven't seen Buffy yet.  Why do you choose the word 'important?'  Heavy/LQ¯s

3365   3326     08-05 MIKE MUDD       JAMES JONES     BOSS ROSS
MM¯JJ>MM¯ þ SLMR 2.0 þ Trees moving back and forth make the wind blow.//MM¯JJ>D

3366   3318     08-05 HENRY BLUMENTHA JAMES JONES     The convention
Hi Henry. I am still looking for Mensanity (and the Bulletin too)./I have told 
.
3367            08-05 ALL             JAMES JONES     Public Service Announcm't
/                       Hear Ye, Hear Ye, Hear Ye///The 15th anniversery of the

3368   3336     08-04 CRAIG WAGNER    RICK BAKEMEIER  balanced budget
CW>people want a balanced budget, their mechanism for getting it is/CW>supposed

3369   3343     08-06 MAX VEST        HENRY BLUMENTHA RG AND AG
   Max, why is your name familiar to me? I see a 301 area code in your/tag, but

3370   3357     08-06 LEONARD NADLER  DOUG HAIRE      balanced budget
LN³All Bush or Reagan had to do was to challenge Congress by submitting/  ³a ba

3371   3330     08-06 MIKE MUDD       LOUANN QUALLS   Navy & sex harrassment
Do you have specific reasons to doubt those generals' testimony, or do  you jus

3372   3338     08-06 DOUG HAIRE      LOUANN QUALLS   balanced budget
"America has no established criminal class, except for Congress" -- Mark  Twain

3373            08-06 RICK BAKEMEIER  LOUANN QUALLS   TAILHOOKERS
Is it just me, or is there a small non sequitur in the assumption that  the/bel

3374            08-05 RICK BAKEMEIER  MAX VEST        THOMAS / HILL
RB ³ DF> * SLMR 2.0 * "I've got your legal briefs right here." <Judge Thomas>  

3375   3293     08-05 DICK BREWSTER   DON FORT        Quayle & Pro-choice
DB=>DFºÿNor do they apply to the religious right.  Any more questions serf?  <G

3376   3305     08-05 FRED GROSBY     DON FORT        THIS CONFERENCE
FG=>>Regional and Annual Gathering(s), both acronyms are pronounced as/FG=>>wri
.
3377   3300     08-05 LEONARD NADLER  DON FORT        balanced budget
LN=>-> LN=>Don't recall that.  From what I have read the last balanced budge/LN

3378            08-05 KEITH GLASS     DON FORT        Scientific Quayleism
KG=>DF>>The census appears to support fava beans with a nice Chianti...//KG=>DF

3379   3320     08-05 KEN STUCKAS     DON FORT        TAILHOOKERS
KS=>I have an ex-Navy carrier pilot friend who has attended those Tailhook/KS=>

3380   3325     08-05 MIKE MUDD       DON FORT        mensa
MM=>DF>MM=>DF>I guess to the purists, the nominal traffic rate should prove the

3381   3332     08-05 KEITH GLASS     DON FORT        L.A. - DURING THE RIOTS
KG=>Incidentally, there's a shoulder patch making the rounds here in DC,/KG=>es

3382            08-05 JOHN MEROTH     DON FORT        BUSINESS MAN AND WH
JM=>JM=>JM=>   Using military transport is a very good idea. The cost is not as

3383   3315     08-05 LEONARD NADLER  DON FORT        Navy & sex harrassment
LN=>->         Perhaps (and it's *just* a perhaps since I'm not keeping trac/LN

3384            08-06 STEFAN BAKER    FRED GROSBY     TAXING ABOVE $1 MILLION
>   ³  LN> I believe in a progressive tax rate./>   ³/>   ³ Why?  I maintain th

3385            08-06 TODD DRY        DANIEL HURST    Two parties?
TD>        The democratic party has tended to be more liberal, and at one/  >  

3386   3366     08-07 JAMES JONES     HENRY BLUMENTHA The convention
   Sorry you're still not getting Mensanity. We can only assume that/Brooklyn h
.
3387   3372     08-06 LOUANN QUALLS   DOUG HAIRE      balanced budget
LQ|"America has no established criminal class, except for Congress"/  |-- Mark 

3388   3367     08-07 JAMES JONES     SCOTT PARKS     Public Service Announcm't
/JJ)                       Hear Ye, Hear Ye, Hear Ye///JJ)The 15th anniversery 

3389            08-06 LEONARD NADLER  TODD DRY        BUSH AND SCHOOLS
LN>Are you sure there is that much difference today from 20 years ago?/LN>If yo

3390            08-06 LEONARD NADLER  TODD DRY        BUSH AND SCHOOLS
LN>Hardly a failed effort - and this BBS is just one example of that./LN>It is 

3391            08-06 LEONARD NADLER  TODD DRY        Reagan and balanced budge
LN>Yes, a good deal of the budget is fixed, and a lot of it paying off/LN>the i

3392            08-06 LEONARD NADLER  TODD DRY        Clinton
LN>    That is certainly not a pro-life position.//        It is not a position

3393            08-06 LEONARD NADLER  TODD DRY        Clinton and education
LN>I guess most of us read it differently as the section deals with/LN>financia

3394            08-06 LEONARD NADLER  TODD DRY        AIDS
LN>Is it the media or the Center for Disease Control in  Atlanta that/LN>has ca

3395            08-06 LEONARD NADLER  TODD DRY        balanced budget
LN>All Bush or Reagan had to do was to challenge Congress by submitting/LN>a ba

3396            08-06 JAMES JONES     TODD DRY        Democratic Candidate
JJ>No, I do not have a closed mind. I merely got tired of talking about/JJ>this
.
3397   3346     08-06 CRAIG WAGNER    RICK BAKEMEIER  TAILHOOKERS
CW>-> I have an ex-Navy carrier pilot friend who hak_’>‹yïX('Â
NO CARRIER

